24-11-10.16:30:22.846 [main            ] ERROR ActivityRepository     - 写入订单记录，唯一索引冲突 userId: yueyueking activityId: 100301 sku: 9011
org.springframework.dao.DuplicateKeyException: 
### Error updating database.  Cause: java.sql.SQLIntegrityConstraintViolationException: Duplicate entry '700091009111' for key 'raffle_activity_order_001.uq_out_business_no'
### The error may exist in file [E:\MyFiles\WorkAndCode\Java\big-market\big-market\big-market-app\target\classes\mybatis\mapper\raffle_activity_order_mapper.xml]
### The error may involve cn.bugstack.infrastructure.persistent.dao.IRaffleActivityOrderDao.insert-Inline
### The error occurred while setting parameters
### SQL: insert into raffle_activity_order_001         (user_id, sku, activity_id, activity_name, strategy_id, order_id, order_time, state, out_business_no, total_count, day_count, month_count,          create_time, update_time)         values             (?, ?, ?, ?, ?, ?, ?, ?, ?, ?, ?, ?,              now(), now())
### Cause: java.sql.SQLIntegrityConstraintViolationException: Duplicate entry '700091009111' for key 'raffle_activity_order_001.uq_out_business_no'
; Duplicate entry '700091009111' for key 'raffle_activity_order_001.uq_out_business_no'; nested exception is java.sql.SQLIntegrityConstraintViolationException: Duplicate entry '700091009111' for key 'raffle_activity_order_001.uq_out_business_no'
	at org.springframework.jdbc.support.SQLErrorCodeSQLExceptionTranslator.doTranslate(SQLErrorCodeSQLExceptionTranslator.java:247)
	at org.springframework.jdbc.support.AbstractFallbackSQLExceptionTranslator.translate(AbstractFallbackSQLExceptionTranslator.java:70)
	at org.mybatis.spring.MyBatisExceptionTranslator.translateExceptionIfPossible(MyBatisExceptionTranslator.java:91)
	at org.mybatis.spring.SqlSessionTemplate$SqlSessionInterceptor.invoke(SqlSessionTemplate.java:441)
	at com.sun.proxy.$Proxy106.insert(Unknown Source)
	at org.mybatis.spring.SqlSessionTemplate.insert(SqlSessionTemplate.java:272)
	at org.apache.ibatis.binding.MapperMethod.execute(MapperMethod.java:62)
	at org.apache.ibatis.binding.MapperProxy$PlainMethodInvoker.invoke(MapperProxy.java:152)
	at org.apache.ibatis.binding.MapperProxy.invoke(MapperProxy.java:85)
	at com.sun.proxy.$Proxy119.insert(Unknown Source)
	at java.base/jdk.internal.reflect.NativeMethodAccessorImpl.invoke0(Native Method)
	at java.base/jdk.internal.reflect.NativeMethodAccessorImpl.invoke(NativeMethodAccessorImpl.java:62)
	at java.base/jdk.internal.reflect.DelegatingMethodAccessorImpl.invoke(DelegatingMethodAccessorImpl.java:43)
	at java.base/java.lang.reflect.Method.invoke(Method.java:566)
	at org.springframework.aop.support.AopUtils.invokeJoinpointUsingReflection(AopUtils.java:344)
	at org.springframework.aop.framework.ReflectiveMethodInvocation.invokeJoinpoint(ReflectiveMethodInvocation.java:198)
	at org.springframework.aop.framework.ReflectiveMethodInvocation.proceed(ReflectiveMethodInvocation.java:163)
	at org.springframework.aop.aspectj.MethodInvocationProceedingJoinPoint.proceed(MethodInvocationProceedingJoinPoint.java:89)
	at cn.bugstack.middleware.db.router.DBRouterJoinPoint.doRouter(DBRouterJoinPoint.java:65)
	at java.base/jdk.internal.reflect.NativeMethodAccessorImpl.invoke0(Native Method)
	at java.base/jdk.internal.reflect.NativeMethodAccessorImpl.invoke(NativeMethodAccessorImpl.java:62)
	at java.base/jdk.internal.reflect.DelegatingMethodAccessorImpl.invoke(DelegatingMethodAccessorImpl.java:43)
	at java.base/java.lang.reflect.Method.invoke(Method.java:566)
	at org.springframework.aop.aspectj.AbstractAspectJAdvice.invokeAdviceMethodWithGivenArgs(AbstractAspectJAdvice.java:634)
	at org.springframework.aop.aspectj.AbstractAspectJAdvice.invokeAdviceMethod(AbstractAspectJAdvice.java:624)
	at org.springframework.aop.aspectj.AspectJAroundAdvice.invoke(AspectJAroundAdvice.java:72)
	at org.springframework.aop.framework.ReflectiveMethodInvocation.proceed(ReflectiveMethodInvocation.java:175)
	at org.springframework.aop.interceptor.ExposeInvocationInterceptor.invoke(ExposeInvocationInterceptor.java:97)
	at org.springframework.aop.framework.ReflectiveMethodInvocation.proceed(ReflectiveMethodInvocation.java:186)
	at org.springframework.aop.framework.JdkDynamicAopProxy.invoke(JdkDynamicAopProxy.java:220)
	at com.sun.proxy.$Proxy120.insert(Unknown Source)
	at cn.bugstack.infrastructure.persistent.repository.ActivityRepository.lambda$doSaveOrder$0(ActivityRepository.java:150)
	at org.springframework.transaction.support.TransactionTemplate.execute(TransactionTemplate.java:140)
	at cn.bugstack.infrastructure.persistent.repository.ActivityRepository.doSaveOrder(ActivityRepository.java:147)
	at cn.bugstack.infrastructure.persistent.repository.ActivityRepository$$FastClassBySpringCGLIB$$5fc4459a.invoke(<generated>)
	at org.springframework.cglib.proxy.MethodProxy.invoke(MethodProxy.java:218)
	at org.springframework.aop.framework.CglibAopProxy$CglibMethodInvocation.invokeJoinpoint(CglibAopProxy.java:793)
	at org.springframework.aop.framework.ReflectiveMethodInvocation.proceed(ReflectiveMethodInvocation.java:163)
	at org.springframework.aop.framework.CglibAopProxy$CglibMethodInvocation.proceed(CglibAopProxy.java:763)
	at org.springframework.dao.support.PersistenceExceptionTranslationInterceptor.invoke(PersistenceExceptionTranslationInterceptor.java:137)
	at org.springframework.aop.framework.ReflectiveMethodInvocation.proceed(ReflectiveMethodInvocation.java:186)
	at org.springframework.aop.framework.CglibAopProxy$CglibMethodInvocation.proceed(CglibAopProxy.java:763)
	at org.springframework.aop.framework.CglibAopProxy$DynamicAdvisedInterceptor.intercept(CglibAopProxy.java:708)
	at cn.bugstack.infrastructure.persistent.repository.ActivityRepository$$EnhancerBySpringCGLIB$$3561b6f.doSaveOrder(<generated>)
	at cn.bugstack.domain.activity.service.quota.RaffleActivityService.doSaveOrder(RaffleActivityService.java:56)
	at cn.bugstack.domain.activity.service.quota.AbstractRaffleActivity.createSkuRechargeOrder(AbstractRaffleActivity.java:48)
	at cn.bugstack.test.domain.RaffleActivityAccountQuotaServiceTest.test_createRaffleActivityOrder(RaffleOrderTest.java:31)
	at java.base/jdk.internal.reflect.NativeMethodAccessorImpl.invoke0(Native Method)
	at java.base/jdk.internal.reflect.NativeMethodAccessorImpl.invoke(NativeMethodAccessorImpl.java:62)
	at java.base/jdk.internal.reflect.DelegatingMethodAccessorImpl.invoke(DelegatingMethodAccessorImpl.java:43)
	at java.base/java.lang.reflect.Method.invoke(Method.java:566)
	at org.junit.runners.model.FrameworkMethod$1.runReflectiveCall(FrameworkMethod.java:59)
	at org.junit.internal.runners.model.ReflectiveCallable.run(ReflectiveCallable.java:12)
	at org.junit.runners.model.FrameworkMethod.invokeExplosively(FrameworkMethod.java:56)
	at org.junit.internal.runners.statements.InvokeMethod.evaluate(InvokeMethod.java:17)
	at org.springframework.test.context.junit4.statements.RunBeforeTestExecutionCallbacks.evaluate(RunBeforeTestExecutionCallbacks.java:74)
	at org.springframework.test.context.junit4.statements.RunAfterTestExecutionCallbacks.evaluate(RunAfterTestExecutionCallbacks.java:84)
	at org.springframework.test.context.junit4.statements.RunBeforeTestMethodCallbacks.evaluate(RunBeforeTestMethodCallbacks.java:75)
	at org.springframework.test.context.junit4.statements.RunAfterTestMethodCallbacks.evaluate(RunAfterTestMethodCallbacks.java:86)
	at org.springframework.test.context.junit4.statements.SpringRepeat.evaluate(SpringRepeat.java:84)
	at org.junit.runners.ParentRunner.runLeaf(ParentRunner.java:366)
	at org.springframework.test.context.junit4.SpringJUnit4ClassRunner.runChild(SpringJUnit4ClassRunner.java:251)
	at org.springframework.test.context.junit4.SpringJUnit4ClassRunner.runChild(SpringJUnit4ClassRunner.java:97)
	at org.junit.runners.ParentRunner$4.run(ParentRunner.java:331)
	at org.junit.runners.ParentRunner$1.schedule(ParentRunner.java:79)
	at org.junit.runners.ParentRunner.runChildren(ParentRunner.java:329)
	at org.junit.runners.ParentRunner.access$100(ParentRunner.java:66)
	at org.junit.runners.ParentRunner$2.evaluate(ParentRunner.java:293)
	at org.springframework.test.context.junit4.statements.RunBeforeTestClassCallbacks.evaluate(RunBeforeTestClassCallbacks.java:61)
	at org.springframework.test.context.junit4.statements.RunAfterTestClassCallbacks.evaluate(RunAfterTestClassCallbacks.java:70)
	at org.junit.runners.ParentRunner$3.evaluate(ParentRunner.java:306)
	at org.junit.runners.ParentRunner.run(ParentRunner.java:413)
	at org.springframework.test.context.junit4.SpringJUnit4ClassRunner.run(SpringJUnit4ClassRunner.java:190)
	at org.junit.runner.JUnitCore.run(JUnitCore.java:137)
	at com.intellij.junit4.JUnit4IdeaTestRunner.startRunnerWithArgs(JUnit4IdeaTestRunner.java:69)
	at com.intellij.rt.junit.IdeaTestRunner$Repeater$1.execute(IdeaTestRunner.java:38)
	at com.intellij.rt.execution.junit.TestsRepeater.repeat(TestsRepeater.java:11)
	at com.intellij.rt.junit.IdeaTestRunner$Repeater.startRunnerWithArgs(IdeaTestRunner.java:35)
	at com.intellij.rt.junit.JUnitStarter.prepareStreamsAndStart(JUnitStarter.java:232)
	at com.intellij.rt.junit.JUnitStarter.main(JUnitStarter.java:55)
Caused by: java.sql.SQLIntegrityConstraintViolationException: Duplicate entry '700091009111' for key 'raffle_activity_order_001.uq_out_business_no'
	at com.mysql.cj.jdbc.exceptions.SQLError.createSQLException(SQLError.java:117)
	at com.mysql.cj.jdbc.exceptions.SQLError.createSQLException(SQLError.java:97)
	at com.mysql.cj.jdbc.exceptions.SQLExceptionsMapping.translateException(SQLExceptionsMapping.java:122)
	at com.mysql.cj.jdbc.ClientPreparedStatement.executeInternal(ClientPreparedStatement.java:953)
	at com.mysql.cj.jdbc.ClientPreparedStatement.execute(ClientPreparedStatement.java:370)
	at com.zaxxer.hikari.pool.ProxyPreparedStatement.execute(ProxyPreparedStatement.java:44)
	at com.zaxxer.hikari.pool.HikariProxyPreparedStatement.execute(HikariProxyPreparedStatement.java)
	at org.apache.ibatis.executor.statement.PreparedStatementHandler.update(PreparedStatementHandler.java:47)
	at org.apache.ibatis.executor.statement.RoutingStatementHandler.update(RoutingStatementHandler.java:74)
	at java.base/jdk.internal.reflect.NativeMethodAccessorImpl.invoke0(Native Method)
	at java.base/jdk.internal.reflect.NativeMethodAccessorImpl.invoke(NativeMethodAccessorImpl.java:62)
	at java.base/jdk.internal.reflect.DelegatingMethodAccessorImpl.invoke(DelegatingMethodAccessorImpl.java:43)
	at java.base/java.lang.reflect.Method.invoke(Method.java:566)
	at org.apache.ibatis.plugin.Plugin.invoke(Plugin.java:63)
	at com.sun.proxy.$Proxy187.update(Unknown Source)
	at org.apache.ibatis.executor.SimpleExecutor.doUpdate(SimpleExecutor.java:50)
	at org.apache.ibatis.executor.BaseExecutor.update(BaseExecutor.java:117)
	at org.apache.ibatis.executor.CachingExecutor.update(CachingExecutor.java:76)
	at org.apache.ibatis.session.defaults.DefaultSqlSession.update(DefaultSqlSession.java:197)
	at org.apache.ibatis.session.defaults.DefaultSqlSession.insert(DefaultSqlSession.java:184)
	at java.base/jdk.internal.reflect.NativeMethodAccessorImpl.invoke0(Native Method)
	at java.base/jdk.internal.reflect.NativeMethodAccessorImpl.invoke(NativeMethodAccessorImpl.java:62)
	at java.base/jdk.internal.reflect.DelegatingMethodAccessorImpl.invoke(DelegatingMethodAccessorImpl.java:43)
	at java.base/java.lang.reflect.Method.invoke(Method.java:566)
	at org.mybatis.spring.SqlSessionTemplate$SqlSessionInterceptor.invoke(SqlSessionTemplate.java:427)
	... 76 common frames omitted
24-11-10.23:07:36.286 [main            ] WARN  GenericWebApplicationContext - Exception encountered during context initialization - cancelling refresh attempt: org.springframework.beans.factory.BeanCreationException: Error creating bean with name 'activitySkuStockZeroCustomer': Injection of resource dependencies failed; nested exception is org.springframework.beans.factory.UnsatisfiedDependencyException: Error creating bean with name 'raffleActivityService' defined in file [E:\MyFiles\WorkAndCode\Java\big-market\big-market\big-market-domain\target\classes\cn\bugstack\domain\activity\service\RaffleActivityService.class]: Unsatisfied dependency expressed through constructor parameter 0; nested exception is org.springframework.beans.factory.BeanCreationException: Error creating bean with name 'activityRepository': Injection of resource dependencies failed; nested exception is org.springframework.beans.factory.NoSuchBeanDefinitionException: No qualifying bean of type 'cn.bugstack.domain.activity.event.ActivitySkuStockZeroMessageEvent' available: expected at least 1 bean which qualifies as autowire candidate. Dependency annotations: {@javax.annotation.Resource(shareable=true, lookup="", name="", description="", authenticationType=CONTAINER, type=java.lang.Object.class, mappedName="")}
24-11-10.23:07:36.336 [main            ] ERROR LoggingFailureAnalysisReporter - 

***************************
APPLICATION FAILED TO START
***************************

Description:

Parameter 0 of constructor in cn.bugstack.domain.activity.service.quota.RaffleActivityService required a bean of type 'cn.bugstack.domain.activity.event.ActivitySkuStockZeroMessageEvent' that could not be found.


Action:

Consider defining a bean of type 'cn.bugstack.domain.activity.event.ActivitySkuStockZeroMessageEvent' in your configuration.

24-11-10.23:07:36.338 [main            ] ERROR TestContextManager     - Caught exception while allowing TestExecutionListener [org.springframework.test.context.web.ServletTestExecutionListener@7e5c856f] to prepare test instance [cn.bugstack.test.domain.RaffleActivityAccountQuotaServiceTest@38923cfe]
java.lang.IllegalStateException: Failed to load ApplicationContext
	at org.springframework.test.context.cache.DefaultCacheAwareContextLoaderDelegate.loadContext(DefaultCacheAwareContextLoaderDelegate.java:98)
	at org.springframework.test.context.support.DefaultTestContext.getApplicationContext(DefaultTestContext.java:124)
	at org.springframework.test.context.web.ServletTestExecutionListener.setUpRequestContextIfNecessary(ServletTestExecutionListener.java:190)
	at org.springframework.test.context.web.ServletTestExecutionListener.prepareTestInstance(ServletTestExecutionListener.java:132)
	at org.springframework.test.context.TestContextManager.prepareTestInstance(TestContextManager.java:248)
	at org.springframework.test.context.junit4.SpringJUnit4ClassRunner.createTest(SpringJUnit4ClassRunner.java:227)
	at org.springframework.test.context.junit4.SpringJUnit4ClassRunner$1.runReflectiveCall(SpringJUnit4ClassRunner.java:289)
	at org.junit.internal.runners.model.ReflectiveCallable.run(ReflectiveCallable.java:12)
	at org.springframework.test.context.junit4.SpringJUnit4ClassRunner.methodBlock(SpringJUnit4ClassRunner.java:291)
	at org.springframework.test.context.junit4.SpringJUnit4ClassRunner.runChild(SpringJUnit4ClassRunner.java:246)
	at org.springframework.test.context.junit4.SpringJUnit4ClassRunner.runChild(SpringJUnit4ClassRunner.java:97)
	at org.junit.runners.ParentRunner$4.run(ParentRunner.java:331)
	at org.junit.runners.ParentRunner$1.schedule(ParentRunner.java:79)
	at org.junit.runners.ParentRunner.runChildren(ParentRunner.java:329)
	at org.junit.runners.ParentRunner.access$100(ParentRunner.java:66)
	at org.junit.runners.ParentRunner$2.evaluate(ParentRunner.java:293)
	at org.springframework.test.context.junit4.statements.RunBeforeTestClassCallbacks.evaluate(RunBeforeTestClassCallbacks.java:61)
	at org.springframework.test.context.junit4.statements.RunAfterTestClassCallbacks.evaluate(RunAfterTestClassCallbacks.java:70)
	at org.junit.runners.ParentRunner$3.evaluate(ParentRunner.java:306)
	at org.junit.runners.ParentRunner.run(ParentRunner.java:413)
	at org.springframework.test.context.junit4.SpringJUnit4ClassRunner.run(SpringJUnit4ClassRunner.java:190)
	at org.junit.runner.JUnitCore.run(JUnitCore.java:137)
	at com.intellij.junit4.JUnit4IdeaTestRunner.startRunnerWithArgs(JUnit4IdeaTestRunner.java:69)
	at com.intellij.rt.junit.IdeaTestRunner$Repeater$1.execute(IdeaTestRunner.java:38)
	at com.intellij.rt.execution.junit.TestsRepeater.repeat(TestsRepeater.java:11)
	at com.intellij.rt.junit.IdeaTestRunner$Repeater.startRunnerWithArgs(IdeaTestRunner.java:35)
	at com.intellij.rt.junit.JUnitStarter.prepareStreamsAndStart(JUnitStarter.java:232)
	at com.intellij.rt.junit.JUnitStarter.main(JUnitStarter.java:55)
Caused by: org.springframework.beans.factory.BeanCreationException: Error creating bean with name 'activitySkuStockZeroCustomer': Injection of resource dependencies failed; nested exception is org.springframework.beans.factory.UnsatisfiedDependencyException: Error creating bean with name 'raffleActivityService' defined in file [E:\MyFiles\WorkAndCode\Java\big-market\big-market\big-market-domain\target\classes\cn\bugstack\domain\activity\service\RaffleActivityService.class]: Unsatisfied dependency expressed through constructor parameter 0; nested exception is org.springframework.beans.factory.BeanCreationException: Error creating bean with name 'activityRepository': Injection of resource dependencies failed; nested exception is org.springframework.beans.factory.NoSuchBeanDefinitionException: No qualifying bean of type 'cn.bugstack.domain.activity.event.ActivitySkuStockZeroMessageEvent' available: expected at least 1 bean which qualifies as autowire candidate. Dependency annotations: {@javax.annotation.Resource(shareable=true, lookup="", name="", description="", authenticationType=CONTAINER, type=java.lang.Object.class, mappedName="")}
	at org.springframework.context.annotation.CommonAnnotationBeanPostProcessor.postProcessProperties(CommonAnnotationBeanPostProcessor.java:332)
	at org.springframework.beans.factory.support.AbstractAutowireCapableBeanFactory.populateBean(AbstractAutowireCapableBeanFactory.java:1431)
	at org.springframework.beans.factory.support.AbstractAutowireCapableBeanFactory.doCreateBean(AbstractAutowireCapableBeanFactory.java:619)
	at org.springframework.beans.factory.support.AbstractAutowireCapableBeanFactory.createBean(AbstractAutowireCapableBeanFactory.java:542)
	at org.springframework.beans.factory.support.AbstractBeanFactory.lambda$doGetBean$0(AbstractBeanFactory.java:335)
	at org.springframework.beans.factory.support.DefaultSingletonBeanRegistry.getSingleton(DefaultSingletonBeanRegistry.java:234)
	at org.springframework.beans.factory.support.AbstractBeanFactory.doGetBean(AbstractBeanFactory.java:333)
	at org.springframework.beans.factory.support.AbstractBeanFactory.getBean(AbstractBeanFactory.java:208)
	at org.springframework.beans.factory.support.DefaultListableBeanFactory.preInstantiateSingletons(DefaultListableBeanFactory.java:955)
	at org.springframework.context.support.AbstractApplicationContext.finishBeanFactoryInitialization(AbstractApplicationContext.java:920)
	at org.springframework.context.support.AbstractApplicationContext.refresh(AbstractApplicationContext.java:583)
	at org.springframework.boot.SpringApplication.refresh(SpringApplication.java:731)
	at org.springframework.boot.SpringApplication.refreshContext(SpringApplication.java:408)
	at org.springframework.boot.SpringApplication.run(SpringApplication.java:307)
	at org.springframework.boot.test.context.SpringBootContextLoader.loadContext(SpringBootContextLoader.java:136)
	at org.springframework.test.context.cache.DefaultCacheAwareContextLoaderDelegate.loadContextInternal(DefaultCacheAwareContextLoaderDelegate.java:141)
	at org.springframework.test.context.cache.DefaultCacheAwareContextLoaderDelegate.loadContext(DefaultCacheAwareContextLoaderDelegate.java:90)
	... 27 common frames omitted
Caused by: org.springframework.beans.factory.UnsatisfiedDependencyException: Error creating bean with name 'raffleActivityService' defined in file [E:\MyFiles\WorkAndCode\Java\big-market\big-market\big-market-domain\target\classes\cn\bugstack\domain\activity\service\RaffleActivityService.class]: Unsatisfied dependency expressed through constructor parameter 0; nested exception is org.springframework.beans.factory.BeanCreationException: Error creating bean with name 'activityRepository': Injection of resource dependencies failed; nested exception is org.springframework.beans.factory.NoSuchBeanDefinitionException: No qualifying bean of type 'cn.bugstack.domain.activity.event.ActivitySkuStockZeroMessageEvent' available: expected at least 1 bean which qualifies as autowire candidate. Dependency annotations: {@javax.annotation.Resource(shareable=true, lookup="", name="", description="", authenticationType=CONTAINER, type=java.lang.Object.class, mappedName="")}
	at org.springframework.beans.factory.support.ConstructorResolver.createArgumentArray(ConstructorResolver.java:800)
	at org.springframework.beans.factory.support.ConstructorResolver.autowireConstructor(ConstructorResolver.java:229)
	at org.springframework.beans.factory.support.AbstractAutowireCapableBeanFactory.autowireConstructor(AbstractAutowireCapableBeanFactory.java:1372)
	at org.springframework.beans.factory.support.AbstractAutowireCapableBeanFactory.createBeanInstance(AbstractAutowireCapableBeanFactory.java:1222)
	at org.springframework.beans.factory.support.AbstractAutowireCapableBeanFactory.doCreateBean(AbstractAutowireCapableBeanFactory.java:582)
	at org.springframework.beans.factory.support.AbstractAutowireCapableBeanFactory.createBean(AbstractAutowireCapableBeanFactory.java:542)
	at org.springframework.beans.factory.support.AbstractBeanFactory.lambda$doGetBean$0(AbstractBeanFactory.java:335)
	at org.springframework.beans.factory.support.DefaultSingletonBeanRegistry.getSingleton(DefaultSingletonBeanRegistry.java:234)
	at org.springframework.beans.factory.support.AbstractBeanFactory.doGetBean(AbstractBeanFactory.java:333)
	at org.springframework.beans.factory.support.AbstractBeanFactory.getBean(AbstractBeanFactory.java:208)
	at org.springframework.beans.factory.config.DependencyDescriptor.resolveCandidate(DependencyDescriptor.java:276)
	at org.springframework.beans.factory.support.DefaultListableBeanFactory.doResolveDependency(DefaultListableBeanFactory.java:1391)
	at org.springframework.beans.factory.support.DefaultListableBeanFactory.resolveDependency(DefaultListableBeanFactory.java:1311)
	at org.springframework.context.annotation.CommonAnnotationBeanPostProcessor.autowireResource(CommonAnnotationBeanPostProcessor.java:544)
	at org.springframework.context.annotation.CommonAnnotationBeanPostProcessor.getResource(CommonAnnotationBeanPostProcessor.java:520)
	at org.springframework.context.annotation.CommonAnnotationBeanPostProcessor$ResourceElement.getResourceToInject(CommonAnnotationBeanPostProcessor.java:673)
	at org.springframework.beans.factory.annotation.InjectionMetadata$InjectedElement.inject(InjectionMetadata.java:228)
	at org.springframework.beans.factory.annotation.InjectionMetadata.inject(InjectionMetadata.java:119)
	at org.springframework.context.annotation.CommonAnnotationBeanPostProcessor.postProcessProperties(CommonAnnotationBeanPostProcessor.java:329)
	... 43 common frames omitted
Caused by: org.springframework.beans.factory.BeanCreationException: Error creating bean with name 'activityRepository': Injection of resource dependencies failed; nested exception is org.springframework.beans.factory.NoSuchBeanDefinitionException: No qualifying bean of type 'cn.bugstack.domain.activity.event.ActivitySkuStockZeroMessageEvent' available: expected at least 1 bean which qualifies as autowire candidate. Dependency annotations: {@javax.annotation.Resource(shareable=true, lookup="", name="", description="", authenticationType=CONTAINER, type=java.lang.Object.class, mappedName="")}
	at org.springframework.context.annotation.CommonAnnotationBeanPostProcessor.postProcessProperties(CommonAnnotationBeanPostProcessor.java:332)
	at org.springframework.beans.factory.support.AbstractAutowireCapableBeanFactory.populateBean(AbstractAutowireCapableBeanFactory.java:1431)
	at org.springframework.beans.factory.support.AbstractAutowireCapableBeanFactory.doCreateBean(AbstractAutowireCapableBeanFactory.java:619)
	at org.springframework.beans.factory.support.AbstractAutowireCapableBeanFactory.createBean(AbstractAutowireCapableBeanFactory.java:542)
	at org.springframework.beans.factory.support.AbstractBeanFactory.lambda$doGetBean$0(AbstractBeanFactory.java:335)
	at org.springframework.beans.factory.support.DefaultSingletonBeanRegistry.getSingleton(DefaultSingletonBeanRegistry.java:234)
	at org.springframework.beans.factory.support.AbstractBeanFactory.doGetBean(AbstractBeanFactory.java:333)
	at org.springframework.beans.factory.support.AbstractBeanFactory.getBean(AbstractBeanFactory.java:208)
	at org.springframework.beans.factory.config.DependencyDescriptor.resolveCandidate(DependencyDescriptor.java:276)
	at org.springframework.beans.factory.support.DefaultListableBeanFactory.doResolveDependency(DefaultListableBeanFactory.java:1391)
	at org.springframework.beans.factory.support.DefaultListableBeanFactory.resolveDependency(DefaultListableBeanFactory.java:1311)
	at org.springframework.beans.factory.support.ConstructorResolver.resolveAutowiredArgument(ConstructorResolver.java:887)
	at org.springframework.beans.factory.support.ConstructorResolver.createArgumentArray(ConstructorResolver.java:791)
	... 61 common frames omitted
Caused by: org.springframework.beans.factory.NoSuchBeanDefinitionException: No qualifying bean of type 'cn.bugstack.domain.activity.event.ActivitySkuStockZeroMessageEvent' available: expected at least 1 bean which qualifies as autowire candidate. Dependency annotations: {@javax.annotation.Resource(shareable=true, lookup="", name="", description="", authenticationType=CONTAINER, type=java.lang.Object.class, mappedName="")}
	at org.springframework.beans.factory.support.DefaultListableBeanFactory.raiseNoMatchingBeanFound(DefaultListableBeanFactory.java:1801)
	at org.springframework.beans.factory.support.DefaultListableBeanFactory.doResolveDependency(DefaultListableBeanFactory.java:1357)
	at org.springframework.beans.factory.support.DefaultListableBeanFactory.resolveDependency(DefaultListableBeanFactory.java:1311)
	at org.springframework.context.annotation.CommonAnnotationBeanPostProcessor.autowireResource(CommonAnnotationBeanPostProcessor.java:544)
	at org.springframework.context.annotation.CommonAnnotationBeanPostProcessor.getResource(CommonAnnotationBeanPostProcessor.java:520)
	at org.springframework.context.annotation.CommonAnnotationBeanPostProcessor$ResourceElement.getResourceToInject(CommonAnnotationBeanPostProcessor.java:673)
	at org.springframework.beans.factory.annotation.InjectionMetadata$InjectedElement.inject(InjectionMetadata.java:228)
	at org.springframework.beans.factory.annotation.InjectionMetadata.inject(InjectionMetadata.java:119)
	at org.springframework.context.annotation.CommonAnnotationBeanPostProcessor.postProcessProperties(CommonAnnotationBeanPostProcessor.java:329)
	... 73 common frames omitted
24-11-10.23:07:43.871 [main            ] WARN  GenericWebApplicationContext - Exception encountered during context initialization - cancelling refresh attempt: org.springframework.beans.factory.BeanCreationException: Error creating bean with name 'activitySkuStockZeroCustomer': Injection of resource dependencies failed; nested exception is org.springframework.beans.factory.UnsatisfiedDependencyException: Error creating bean with name 'raffleActivityService' defined in file [E:\MyFiles\WorkAndCode\Java\big-market\big-market\big-market-domain\target\classes\cn\bugstack\domain\activity\service\RaffleActivityService.class]: Unsatisfied dependency expressed through constructor parameter 0; nested exception is org.springframework.beans.factory.BeanCreationException: Error creating bean with name 'activityRepository': Injection of resource dependencies failed; nested exception is org.springframework.beans.factory.NoSuchBeanDefinitionException: No qualifying bean of type 'cn.bugstack.domain.activity.event.ActivitySkuStockZeroMessageEvent' available: expected at least 1 bean which qualifies as autowire candidate. Dependency annotations: {@javax.annotation.Resource(shareable=true, lookup="", name="", description="", authenticationType=CONTAINER, type=java.lang.Object.class, mappedName="")}
24-11-10.23:07:43.914 [main            ] ERROR LoggingFailureAnalysisReporter - 

***************************
APPLICATION FAILED TO START
***************************

Description:

Parameter 0 of constructor in cn.bugstack.domain.activity.service.quota.RaffleActivityService required a bean of type 'cn.bugstack.domain.activity.event.ActivitySkuStockZeroMessageEvent' that could not be found.


Action:

Consider defining a bean of type 'cn.bugstack.domain.activity.event.ActivitySkuStockZeroMessageEvent' in your configuration.

24-11-10.23:07:43.916 [main            ] ERROR TestContextManager     - Caught exception while allowing TestExecutionListener [org.springframework.test.context.web.ServletTestExecutionListener@7e5c856f] to prepare test instance [cn.bugstack.test.domain.RaffleActivityAccountQuotaServiceTest@38923cfe]
java.lang.IllegalStateException: Failed to load ApplicationContext
	at org.springframework.test.context.cache.DefaultCacheAwareContextLoaderDelegate.loadContext(DefaultCacheAwareContextLoaderDelegate.java:98)
	at org.springframework.test.context.support.DefaultTestContext.getApplicationContext(DefaultTestContext.java:124)
	at org.springframework.test.context.web.ServletTestExecutionListener.setUpRequestContextIfNecessary(ServletTestExecutionListener.java:190)
	at org.springframework.test.context.web.ServletTestExecutionListener.prepareTestInstance(ServletTestExecutionListener.java:132)
	at org.springframework.test.context.TestContextManager.prepareTestInstance(TestContextManager.java:248)
	at org.springframework.test.context.junit4.SpringJUnit4ClassRunner.createTest(SpringJUnit4ClassRunner.java:227)
	at org.springframework.test.context.junit4.SpringJUnit4ClassRunner$1.runReflectiveCall(SpringJUnit4ClassRunner.java:289)
	at org.junit.internal.runners.model.ReflectiveCallable.run(ReflectiveCallable.java:12)
	at org.springframework.test.context.junit4.SpringJUnit4ClassRunner.methodBlock(SpringJUnit4ClassRunner.java:291)
	at org.springframework.test.context.junit4.SpringJUnit4ClassRunner.runChild(SpringJUnit4ClassRunner.java:246)
	at org.springframework.test.context.junit4.SpringJUnit4ClassRunner.runChild(SpringJUnit4ClassRunner.java:97)
	at org.junit.runners.ParentRunner$4.run(ParentRunner.java:331)
	at org.junit.runners.ParentRunner$1.schedule(ParentRunner.java:79)
	at org.junit.runners.ParentRunner.runChildren(ParentRunner.java:329)
	at org.junit.runners.ParentRunner.access$100(ParentRunner.java:66)
	at org.junit.runners.ParentRunner$2.evaluate(ParentRunner.java:293)
	at org.springframework.test.context.junit4.statements.RunBeforeTestClassCallbacks.evaluate(RunBeforeTestClassCallbacks.java:61)
	at org.springframework.test.context.junit4.statements.RunAfterTestClassCallbacks.evaluate(RunAfterTestClassCallbacks.java:70)
	at org.junit.runners.ParentRunner$3.evaluate(ParentRunner.java:306)
	at org.junit.runners.ParentRunner.run(ParentRunner.java:413)
	at org.springframework.test.context.junit4.SpringJUnit4ClassRunner.run(SpringJUnit4ClassRunner.java:190)
	at org.junit.runner.JUnitCore.run(JUnitCore.java:137)
	at com.intellij.junit4.JUnit4IdeaTestRunner.startRunnerWithArgs(JUnit4IdeaTestRunner.java:69)
	at com.intellij.rt.junit.IdeaTestRunner$Repeater$1.execute(IdeaTestRunner.java:38)
	at com.intellij.rt.execution.junit.TestsRepeater.repeat(TestsRepeater.java:11)
	at com.intellij.rt.junit.IdeaTestRunner$Repeater.startRunnerWithArgs(IdeaTestRunner.java:35)
	at com.intellij.rt.junit.JUnitStarter.prepareStreamsAndStart(JUnitStarter.java:232)
	at com.intellij.rt.junit.JUnitStarter.main(JUnitStarter.java:55)
Caused by: org.springframework.beans.factory.BeanCreationException: Error creating bean with name 'activitySkuStockZeroCustomer': Injection of resource dependencies failed; nested exception is org.springframework.beans.factory.UnsatisfiedDependencyException: Error creating bean with name 'raffleActivityService' defined in file [E:\MyFiles\WorkAndCode\Java\big-market\big-market\big-market-domain\target\classes\cn\bugstack\domain\activity\service\RaffleActivityService.class]: Unsatisfied dependency expressed through constructor parameter 0; nested exception is org.springframework.beans.factory.BeanCreationException: Error creating bean with name 'activityRepository': Injection of resource dependencies failed; nested exception is org.springframework.beans.factory.NoSuchBeanDefinitionException: No qualifying bean of type 'cn.bugstack.domain.activity.event.ActivitySkuStockZeroMessageEvent' available: expected at least 1 bean which qualifies as autowire candidate. Dependency annotations: {@javax.annotation.Resource(shareable=true, lookup="", name="", description="", authenticationType=CONTAINER, type=java.lang.Object.class, mappedName="")}
	at org.springframework.context.annotation.CommonAnnotationBeanPostProcessor.postProcessProperties(CommonAnnotationBeanPostProcessor.java:332)
	at org.springframework.beans.factory.support.AbstractAutowireCapableBeanFactory.populateBean(AbstractAutowireCapableBeanFactory.java:1431)
	at org.springframework.beans.factory.support.AbstractAutowireCapableBeanFactory.doCreateBean(AbstractAutowireCapableBeanFactory.java:619)
	at org.springframework.beans.factory.support.AbstractAutowireCapableBeanFactory.createBean(AbstractAutowireCapableBeanFactory.java:542)
	at org.springframework.beans.factory.support.AbstractBeanFactory.lambda$doGetBean$0(AbstractBeanFactory.java:335)
	at org.springframework.beans.factory.support.DefaultSingletonBeanRegistry.getSingleton(DefaultSingletonBeanRegistry.java:234)
	at org.springframework.beans.factory.support.AbstractBeanFactory.doGetBean(AbstractBeanFactory.java:333)
	at org.springframework.beans.factory.support.AbstractBeanFactory.getBean(AbstractBeanFactory.java:208)
	at org.springframework.beans.factory.support.DefaultListableBeanFactory.preInstantiateSingletons(DefaultListableBeanFactory.java:955)
	at org.springframework.context.support.AbstractApplicationContext.finishBeanFactoryInitialization(AbstractApplicationContext.java:920)
	at org.springframework.context.support.AbstractApplicationContext.refresh(AbstractApplicationContext.java:583)
	at org.springframework.boot.SpringApplication.refresh(SpringApplication.java:731)
	at org.springframework.boot.SpringApplication.refreshContext(SpringApplication.java:408)
	at org.springframework.boot.SpringApplication.run(SpringApplication.java:307)
	at org.springframework.boot.test.context.SpringBootContextLoader.loadContext(SpringBootContextLoader.java:136)
	at org.springframework.test.context.cache.DefaultCacheAwareContextLoaderDelegate.loadContextInternal(DefaultCacheAwareContextLoaderDelegate.java:141)
	at org.springframework.test.context.cache.DefaultCacheAwareContextLoaderDelegate.loadContext(DefaultCacheAwareContextLoaderDelegate.java:90)
	... 27 common frames omitted
Caused by: org.springframework.beans.factory.UnsatisfiedDependencyException: Error creating bean with name 'raffleActivityService' defined in file [E:\MyFiles\WorkAndCode\Java\big-market\big-market\big-market-domain\target\classes\cn\bugstack\domain\activity\service\RaffleActivityService.class]: Unsatisfied dependency expressed through constructor parameter 0; nested exception is org.springframework.beans.factory.BeanCreationException: Error creating bean with name 'activityRepository': Injection of resource dependencies failed; nested exception is org.springframework.beans.factory.NoSuchBeanDefinitionException: No qualifying bean of type 'cn.bugstack.domain.activity.event.ActivitySkuStockZeroMessageEvent' available: expected at least 1 bean which qualifies as autowire candidate. Dependency annotations: {@javax.annotation.Resource(shareable=true, lookup="", name="", description="", authenticationType=CONTAINER, type=java.lang.Object.class, mappedName="")}
	at org.springframework.beans.factory.support.ConstructorResolver.createArgumentArray(ConstructorResolver.java:800)
	at org.springframework.beans.factory.support.ConstructorResolver.autowireConstructor(ConstructorResolver.java:229)
	at org.springframework.beans.factory.support.AbstractAutowireCapableBeanFactory.autowireConstructor(AbstractAutowireCapableBeanFactory.java:1372)
	at org.springframework.beans.factory.support.AbstractAutowireCapableBeanFactory.createBeanInstance(AbstractAutowireCapableBeanFactory.java:1222)
	at org.springframework.beans.factory.support.AbstractAutowireCapableBeanFactory.doCreateBean(AbstractAutowireCapableBeanFactory.java:582)
	at org.springframework.beans.factory.support.AbstractAutowireCapableBeanFactory.createBean(AbstractAutowireCapableBeanFactory.java:542)
	at org.springframework.beans.factory.support.AbstractBeanFactory.lambda$doGetBean$0(AbstractBeanFactory.java:335)
	at org.springframework.beans.factory.support.DefaultSingletonBeanRegistry.getSingleton(DefaultSingletonBeanRegistry.java:234)
	at org.springframework.beans.factory.support.AbstractBeanFactory.doGetBean(AbstractBeanFactory.java:333)
	at org.springframework.beans.factory.support.AbstractBeanFactory.getBean(AbstractBeanFactory.java:208)
	at org.springframework.beans.factory.config.DependencyDescriptor.resolveCandidate(DependencyDescriptor.java:276)
	at org.springframework.beans.factory.support.DefaultListableBeanFactory.doResolveDependency(DefaultListableBeanFactory.java:1391)
	at org.springframework.beans.factory.support.DefaultListableBeanFactory.resolveDependency(DefaultListableBeanFactory.java:1311)
	at org.springframework.context.annotation.CommonAnnotationBeanPostProcessor.autowireResource(CommonAnnotationBeanPostProcessor.java:544)
	at org.springframework.context.annotation.CommonAnnotationBeanPostProcessor.getResource(CommonAnnotationBeanPostProcessor.java:520)
	at org.springframework.context.annotation.CommonAnnotationBeanPostProcessor$ResourceElement.getResourceToInject(CommonAnnotationBeanPostProcessor.java:673)
	at org.springframework.beans.factory.annotation.InjectionMetadata$InjectedElement.inject(InjectionMetadata.java:228)
	at org.springframework.beans.factory.annotation.InjectionMetadata.inject(InjectionMetadata.java:119)
	at org.springframework.context.annotation.CommonAnnotationBeanPostProcessor.postProcessProperties(CommonAnnotationBeanPostProcessor.java:329)
	... 43 common frames omitted
Caused by: org.springframework.beans.factory.BeanCreationException: Error creating bean with name 'activityRepository': Injection of resource dependencies failed; nested exception is org.springframework.beans.factory.NoSuchBeanDefinitionException: No qualifying bean of type 'cn.bugstack.domain.activity.event.ActivitySkuStockZeroMessageEvent' available: expected at least 1 bean which qualifies as autowire candidate. Dependency annotations: {@javax.annotation.Resource(shareable=true, lookup="", name="", description="", authenticationType=CONTAINER, type=java.lang.Object.class, mappedName="")}
	at org.springframework.context.annotation.CommonAnnotationBeanPostProcessor.postProcessProperties(CommonAnnotationBeanPostProcessor.java:332)
	at org.springframework.beans.factory.support.AbstractAutowireCapableBeanFactory.populateBean(AbstractAutowireCapableBeanFactory.java:1431)
	at org.springframework.beans.factory.support.AbstractAutowireCapableBeanFactory.doCreateBean(AbstractAutowireCapableBeanFactory.java:619)
	at org.springframework.beans.factory.support.AbstractAutowireCapableBeanFactory.createBean(AbstractAutowireCapableBeanFactory.java:542)
	at org.springframework.beans.factory.support.AbstractBeanFactory.lambda$doGetBean$0(AbstractBeanFactory.java:335)
	at org.springframework.beans.factory.support.DefaultSingletonBeanRegistry.getSingleton(DefaultSingletonBeanRegistry.java:234)
	at org.springframework.beans.factory.support.AbstractBeanFactory.doGetBean(AbstractBeanFactory.java:333)
	at org.springframework.beans.factory.support.AbstractBeanFactory.getBean(AbstractBeanFactory.java:208)
	at org.springframework.beans.factory.config.DependencyDescriptor.resolveCandidate(DependencyDescriptor.java:276)
	at org.springframework.beans.factory.support.DefaultListableBeanFactory.doResolveDependency(DefaultListableBeanFactory.java:1391)
	at org.springframework.beans.factory.support.DefaultListableBeanFactory.resolveDependency(DefaultListableBeanFactory.java:1311)
	at org.springframework.beans.factory.support.ConstructorResolver.resolveAutowiredArgument(ConstructorResolver.java:887)
	at org.springframework.beans.factory.support.ConstructorResolver.createArgumentArray(ConstructorResolver.java:791)
	... 61 common frames omitted
Caused by: org.springframework.beans.factory.NoSuchBeanDefinitionException: No qualifying bean of type 'cn.bugstack.domain.activity.event.ActivitySkuStockZeroMessageEvent' available: expected at least 1 bean which qualifies as autowire candidate. Dependency annotations: {@javax.annotation.Resource(shareable=true, lookup="", name="", description="", authenticationType=CONTAINER, type=java.lang.Object.class, mappedName="")}
	at org.springframework.beans.factory.support.DefaultListableBeanFactory.raiseNoMatchingBeanFound(DefaultListableBeanFactory.java:1801)
	at org.springframework.beans.factory.support.DefaultListableBeanFactory.doResolveDependency(DefaultListableBeanFactory.java:1357)
	at org.springframework.beans.factory.support.DefaultListableBeanFactory.resolveDependency(DefaultListableBeanFactory.java:1311)
	at org.springframework.context.annotation.CommonAnnotationBeanPostProcessor.autowireResource(CommonAnnotationBeanPostProcessor.java:544)
	at org.springframework.context.annotation.CommonAnnotationBeanPostProcessor.getResource(CommonAnnotationBeanPostProcessor.java:520)
	at org.springframework.context.annotation.CommonAnnotationBeanPostProcessor$ResourceElement.getResourceToInject(CommonAnnotationBeanPostProcessor.java:673)
	at org.springframework.beans.factory.annotation.InjectionMetadata$InjectedElement.inject(InjectionMetadata.java:228)
	at org.springframework.beans.factory.annotation.InjectionMetadata.inject(InjectionMetadata.java:119)
	at org.springframework.context.annotation.CommonAnnotationBeanPostProcessor.postProcessProperties(CommonAnnotationBeanPostProcessor.java:329)
	... 73 common frames omitted
24-11-10.23:08:55.162 [main            ] WARN  GenericWebApplicationContext - Exception encountered during context initialization - cancelling refresh attempt: org.springframework.beans.factory.BeanCreationException: Error creating bean with name 'activitySkuStockZeroCustomer': Injection of resource dependencies failed; nested exception is org.springframework.beans.factory.UnsatisfiedDependencyException: Error creating bean with name 'raffleActivityService' defined in file [E:\MyFiles\WorkAndCode\Java\big-market\big-market\big-market-domain\target\classes\cn\bugstack\domain\activity\service\RaffleActivityService.class]: Unsatisfied dependency expressed through constructor parameter 1; nested exception is org.springframework.beans.factory.UnsatisfiedDependencyException: Error creating bean with name 'defaultActivityChainFactory' defined in file [E:\MyFiles\WorkAndCode\Java\big-market\big-market\big-market-domain\target\classes\cn\bugstack\domain\activity\service\rule\factory\DefaultActivityChainFactory.class]: Unsatisfied dependency expressed through constructor parameter 0; nested exception is org.springframework.beans.factory.BeanCreationException: Error creating bean with name 'activity_sku_stock_action': Injection of resource dependencies failed; nested exception is org.springframework.beans.factory.NoSuchBeanDefinitionException: No qualifying bean of type 'cn.bugstack.domain.activity.service.armory.IActivityDispatch' available: expected at least 1 bean which qualifies as autowire candidate. Dependency annotations: {@javax.annotation.Resource(shareable=true, lookup="", name="", description="", authenticationType=CONTAINER, type=java.lang.Object.class, mappedName="")}
24-11-10.23:08:55.228 [main            ] ERROR LoggingFailureAnalysisReporter - 

***************************
APPLICATION FAILED TO START
***************************

Description:

Parameter 0 of constructor in cn.bugstack.domain.activity.service.rule.factory.DefaultActivityChainFactory required a bean of type 'cn.bugstack.domain.activity.service.armory.IActivityDispatch' that could not be found.


Action:

Consider defining a bean of type 'cn.bugstack.domain.activity.service.armory.IActivityDispatch' in your configuration.

24-11-10.23:08:55.230 [main            ] ERROR TestContextManager     - Caught exception while allowing TestExecutionListener [org.springframework.test.context.web.ServletTestExecutionListener@7e5c856f] to prepare test instance [cn.bugstack.test.domain.RaffleActivityAccountQuotaServiceTest@3d405fe5]
java.lang.IllegalStateException: Failed to load ApplicationContext
	at org.springframework.test.context.cache.DefaultCacheAwareContextLoaderDelegate.loadContext(DefaultCacheAwareContextLoaderDelegate.java:98)
	at org.springframework.test.context.support.DefaultTestContext.getApplicationContext(DefaultTestContext.java:124)
	at org.springframework.test.context.web.ServletTestExecutionListener.setUpRequestContextIfNecessary(ServletTestExecutionListener.java:190)
	at org.springframework.test.context.web.ServletTestExecutionListener.prepareTestInstance(ServletTestExecutionListener.java:132)
	at org.springframework.test.context.TestContextManager.prepareTestInstance(TestContextManager.java:248)
	at org.springframework.test.context.junit4.SpringJUnit4ClassRunner.createTest(SpringJUnit4ClassRunner.java:227)
	at org.springframework.test.context.junit4.SpringJUnit4ClassRunner$1.runReflectiveCall(SpringJUnit4ClassRunner.java:289)
	at org.junit.internal.runners.model.ReflectiveCallable.run(ReflectiveCallable.java:12)
	at org.springframework.test.context.junit4.SpringJUnit4ClassRunner.methodBlock(SpringJUnit4ClassRunner.java:291)
	at org.springframework.test.context.junit4.SpringJUnit4ClassRunner.runChild(SpringJUnit4ClassRunner.java:246)
	at org.springframework.test.context.junit4.SpringJUnit4ClassRunner.runChild(SpringJUnit4ClassRunner.java:97)
	at org.junit.runners.ParentRunner$4.run(ParentRunner.java:331)
	at org.junit.runners.ParentRunner$1.schedule(ParentRunner.java:79)
	at org.junit.runners.ParentRunner.runChildren(ParentRunner.java:329)
	at org.junit.runners.ParentRunner.access$100(ParentRunner.java:66)
	at org.junit.runners.ParentRunner$2.evaluate(ParentRunner.java:293)
	at org.springframework.test.context.junit4.statements.RunBeforeTestClassCallbacks.evaluate(RunBeforeTestClassCallbacks.java:61)
	at org.springframework.test.context.junit4.statements.RunAfterTestClassCallbacks.evaluate(RunAfterTestClassCallbacks.java:70)
	at org.junit.runners.ParentRunner$3.evaluate(ParentRunner.java:306)
	at org.junit.runners.ParentRunner.run(ParentRunner.java:413)
	at org.springframework.test.context.junit4.SpringJUnit4ClassRunner.run(SpringJUnit4ClassRunner.java:190)
	at org.junit.runner.JUnitCore.run(JUnitCore.java:137)
	at com.intellij.junit4.JUnit4IdeaTestRunner.startRunnerWithArgs(JUnit4IdeaTestRunner.java:69)
	at com.intellij.rt.junit.IdeaTestRunner$Repeater$1.execute(IdeaTestRunner.java:38)
	at com.intellij.rt.execution.junit.TestsRepeater.repeat(TestsRepeater.java:11)
	at com.intellij.rt.junit.IdeaTestRunner$Repeater.startRunnerWithArgs(IdeaTestRunner.java:35)
	at com.intellij.rt.junit.JUnitStarter.prepareStreamsAndStart(JUnitStarter.java:232)
	at com.intellij.rt.junit.JUnitStarter.main(JUnitStarter.java:55)
Caused by: org.springframework.beans.factory.BeanCreationException: Error creating bean with name 'activitySkuStockZeroCustomer': Injection of resource dependencies failed; nested exception is org.springframework.beans.factory.UnsatisfiedDependencyException: Error creating bean with name 'raffleActivityService' defined in file [E:\MyFiles\WorkAndCode\Java\big-market\big-market\big-market-domain\target\classes\cn\bugstack\domain\activity\service\RaffleActivityService.class]: Unsatisfied dependency expressed through constructor parameter 1; nested exception is org.springframework.beans.factory.UnsatisfiedDependencyException: Error creating bean with name 'defaultActivityChainFactory' defined in file [E:\MyFiles\WorkAndCode\Java\big-market\big-market\big-market-domain\target\classes\cn\bugstack\domain\activity\service\rule\factory\DefaultActivityChainFactory.class]: Unsatisfied dependency expressed through constructor parameter 0; nested exception is org.springframework.beans.factory.BeanCreationException: Error creating bean with name 'activity_sku_stock_action': Injection of resource dependencies failed; nested exception is org.springframework.beans.factory.NoSuchBeanDefinitionException: No qualifying bean of type 'cn.bugstack.domain.activity.service.armory.IActivityDispatch' available: expected at least 1 bean which qualifies as autowire candidate. Dependency annotations: {@javax.annotation.Resource(shareable=true, lookup="", name="", description="", authenticationType=CONTAINER, type=java.lang.Object.class, mappedName="")}
	at org.springframework.context.annotation.CommonAnnotationBeanPostProcessor.postProcessProperties(CommonAnnotationBeanPostProcessor.java:332)
	at org.springframework.beans.factory.support.AbstractAutowireCapableBeanFactory.populateBean(AbstractAutowireCapableBeanFactory.java:1431)
	at org.springframework.beans.factory.support.AbstractAutowireCapableBeanFactory.doCreateBean(AbstractAutowireCapableBeanFactory.java:619)
	at org.springframework.beans.factory.support.AbstractAutowireCapableBeanFactory.createBean(AbstractAutowireCapableBeanFactory.java:542)
	at org.springframework.beans.factory.support.AbstractBeanFactory.lambda$doGetBean$0(AbstractBeanFactory.java:335)
	at org.springframework.beans.factory.support.DefaultSingletonBeanRegistry.getSingleton(DefaultSingletonBeanRegistry.java:234)
	at org.springframework.beans.factory.support.AbstractBeanFactory.doGetBean(AbstractBeanFactory.java:333)
	at org.springframework.beans.factory.support.AbstractBeanFactory.getBean(AbstractBeanFactory.java:208)
	at org.springframework.beans.factory.support.DefaultListableBeanFactory.preInstantiateSingletons(DefaultListableBeanFactory.java:955)
	at org.springframework.context.support.AbstractApplicationContext.finishBeanFactoryInitialization(AbstractApplicationContext.java:920)
	at org.springframework.context.support.AbstractApplicationContext.refresh(AbstractApplicationContext.java:583)
	at org.springframework.boot.SpringApplication.refresh(SpringApplication.java:731)
	at org.springframework.boot.SpringApplication.refreshContext(SpringApplication.java:408)
	at org.springframework.boot.SpringApplication.run(SpringApplication.java:307)
	at org.springframework.boot.test.context.SpringBootContextLoader.loadContext(SpringBootContextLoader.java:136)
	at org.springframework.test.context.cache.DefaultCacheAwareContextLoaderDelegate.loadContextInternal(DefaultCacheAwareContextLoaderDelegate.java:141)
	at org.springframework.test.context.cache.DefaultCacheAwareContextLoaderDelegate.loadContext(DefaultCacheAwareContextLoaderDelegate.java:90)
	... 27 common frames omitted
Caused by: org.springframework.beans.factory.UnsatisfiedDependencyException: Error creating bean with name 'raffleActivityService' defined in file [E:\MyFiles\WorkAndCode\Java\big-market\big-market\big-market-domain\target\classes\cn\bugstack\domain\activity\service\RaffleActivityService.class]: Unsatisfied dependency expressed through constructor parameter 1; nested exception is org.springframework.beans.factory.UnsatisfiedDependencyException: Error creating bean with name 'defaultActivityChainFactory' defined in file [E:\MyFiles\WorkAndCode\Java\big-market\big-market\big-market-domain\target\classes\cn\bugstack\domain\activity\service\rule\factory\DefaultActivityChainFactory.class]: Unsatisfied dependency expressed through constructor parameter 0; nested exception is org.springframework.beans.factory.BeanCreationException: Error creating bean with name 'activity_sku_stock_action': Injection of resource dependencies failed; nested exception is org.springframework.beans.factory.NoSuchBeanDefinitionException: No qualifying bean of type 'cn.bugstack.domain.activity.service.armory.IActivityDispatch' available: expected at least 1 bean which qualifies as autowire candidate. Dependency annotations: {@javax.annotation.Resource(shareable=true, lookup="", name="", description="", authenticationType=CONTAINER, type=java.lang.Object.class, mappedName="")}
	at org.springframework.beans.factory.support.ConstructorResolver.createArgumentArray(ConstructorResolver.java:800)
	at org.springframework.beans.factory.support.ConstructorResolver.autowireConstructor(ConstructorResolver.java:229)
	at org.springframework.beans.factory.support.AbstractAutowireCapableBeanFactory.autowireConstructor(AbstractAutowireCapableBeanFactory.java:1372)
	at org.springframework.beans.factory.support.AbstractAutowireCapableBeanFactory.createBeanInstance(AbstractAutowireCapableBeanFactory.java:1222)
	at org.springframework.beans.factory.support.AbstractAutowireCapableBeanFactory.doCreateBean(AbstractAutowireCapableBeanFactory.java:582)
	at org.springframework.beans.factory.support.AbstractAutowireCapableBeanFactory.createBean(AbstractAutowireCapableBeanFactory.java:542)
	at org.springframework.beans.factory.support.AbstractBeanFactory.lambda$doGetBean$0(AbstractBeanFactory.java:335)
	at org.springframework.beans.factory.support.DefaultSingletonBeanRegistry.getSingleton(DefaultSingletonBeanRegistry.java:234)
	at org.springframework.beans.factory.support.AbstractBeanFactory.doGetBean(AbstractBeanFactory.java:333)
	at org.springframework.beans.factory.support.AbstractBeanFactory.getBean(AbstractBeanFactory.java:208)
	at org.springframework.beans.factory.config.DependencyDescriptor.resolveCandidate(DependencyDescriptor.java:276)
	at org.springframework.beans.factory.support.DefaultListableBeanFactory.doResolveDependency(DefaultListableBeanFactory.java:1391)
	at org.springframework.beans.factory.support.DefaultListableBeanFactory.resolveDependency(DefaultListableBeanFactory.java:1311)
	at org.springframework.context.annotation.CommonAnnotationBeanPostProcessor.autowireResource(CommonAnnotationBeanPostProcessor.java:544)
	at org.springframework.context.annotation.CommonAnnotationBeanPostProcessor.getResource(CommonAnnotationBeanPostProcessor.java:520)
	at org.springframework.context.annotation.CommonAnnotationBeanPostProcessor$ResourceElement.getResourceToInject(CommonAnnotationBeanPostProcessor.java:673)
	at org.springframework.beans.factory.annotation.InjectionMetadata$InjectedElement.inject(InjectionMetadata.java:228)
	at org.springframework.beans.factory.annotation.InjectionMetadata.inject(InjectionMetadata.java:119)
	at org.springframework.context.annotation.CommonAnnotationBeanPostProcessor.postProcessProperties(CommonAnnotationBeanPostProcessor.java:329)
	... 43 common frames omitted
Caused by: org.springframework.beans.factory.UnsatisfiedDependencyException: Error creating bean with name 'defaultActivityChainFactory' defined in file [E:\MyFiles\WorkAndCode\Java\big-market\big-market\big-market-domain\target\classes\cn\bugstack\domain\activity\service\rule\factory\DefaultActivityChainFactory.class]: Unsatisfied dependency expressed through constructor parameter 0; nested exception is org.springframework.beans.factory.BeanCreationException: Error creating bean with name 'activity_sku_stock_action': Injection of resource dependencies failed; nested exception is org.springframework.beans.factory.NoSuchBeanDefinitionException: No qualifying bean of type 'cn.bugstack.domain.activity.service.armory.IActivityDispatch' available: expected at least 1 bean which qualifies as autowire candidate. Dependency annotations: {@javax.annotation.Resource(shareable=true, lookup="", name="", description="", authenticationType=CONTAINER, type=java.lang.Object.class, mappedName="")}
	at org.springframework.beans.factory.support.ConstructorResolver.createArgumentArray(ConstructorResolver.java:800)
	at org.springframework.beans.factory.support.ConstructorResolver.autowireConstructor(ConstructorResolver.java:229)
	at org.springframework.beans.factory.support.AbstractAutowireCapableBeanFactory.autowireConstructor(AbstractAutowireCapableBeanFactory.java:1372)
	at org.springframework.beans.factory.support.AbstractAutowireCapableBeanFactory.createBeanInstance(AbstractAutowireCapableBeanFactory.java:1222)
	at org.springframework.beans.factory.support.AbstractAutowireCapableBeanFactory.doCreateBean(AbstractAutowireCapableBeanFactory.java:582)
	at org.springframework.beans.factory.support.AbstractAutowireCapableBeanFactory.createBean(AbstractAutowireCapableBeanFactory.java:542)
	at org.springframework.beans.factory.support.AbstractBeanFactory.lambda$doGetBean$0(AbstractBeanFactory.java:335)
	at org.springframework.beans.factory.support.DefaultSingletonBeanRegistry.getSingleton(DefaultSingletonBeanRegistry.java:234)
	at org.springframework.beans.factory.support.AbstractBeanFactory.doGetBean(AbstractBeanFactory.java:333)
	at org.springframework.beans.factory.support.AbstractBeanFactory.getBean(AbstractBeanFactory.java:208)
	at org.springframework.beans.factory.config.DependencyDescriptor.resolveCandidate(DependencyDescriptor.java:276)
	at org.springframework.beans.factory.support.DefaultListableBeanFactory.doResolveDependency(DefaultListableBeanFactory.java:1391)
	at org.springframework.beans.factory.support.DefaultListableBeanFactory.resolveDependency(DefaultListableBeanFactory.java:1311)
	at org.springframework.beans.factory.support.ConstructorResolver.resolveAutowiredArgument(ConstructorResolver.java:887)
	at org.springframework.beans.factory.support.ConstructorResolver.createArgumentArray(ConstructorResolver.java:791)
	... 61 common frames omitted
Caused by: org.springframework.beans.factory.BeanCreationException: Error creating bean with name 'activity_sku_stock_action': Injection of resource dependencies failed; nested exception is org.springframework.beans.factory.NoSuchBeanDefinitionException: No qualifying bean of type 'cn.bugstack.domain.activity.service.armory.IActivityDispatch' available: expected at least 1 bean which qualifies as autowire candidate. Dependency annotations: {@javax.annotation.Resource(shareable=true, lookup="", name="", description="", authenticationType=CONTAINER, type=java.lang.Object.class, mappedName="")}
	at org.springframework.context.annotation.CommonAnnotationBeanPostProcessor.postProcessProperties(CommonAnnotationBeanPostProcessor.java:332)
	at org.springframework.beans.factory.support.AbstractAutowireCapableBeanFactory.populateBean(AbstractAutowireCapableBeanFactory.java:1431)
	at org.springframework.beans.factory.support.AbstractAutowireCapableBeanFactory.doCreateBean(AbstractAutowireCapableBeanFactory.java:619)
	at org.springframework.beans.factory.support.AbstractAutowireCapableBeanFactory.createBean(AbstractAutowireCapableBeanFactory.java:542)
	at org.springframework.beans.factory.support.AbstractBeanFactory.lambda$doGetBean$0(AbstractBeanFactory.java:335)
	at org.springframework.beans.factory.support.DefaultSingletonBeanRegistry.getSingleton(DefaultSingletonBeanRegistry.java:234)
	at org.springframework.beans.factory.support.AbstractBeanFactory.doGetBean(AbstractBeanFactory.java:333)
	at org.springframework.beans.factory.support.AbstractBeanFactory.getBean(AbstractBeanFactory.java:208)
	at org.springframework.beans.factory.config.DependencyDescriptor.resolveCandidate(DependencyDescriptor.java:276)
	at org.springframework.beans.factory.support.DefaultListableBeanFactory.addCandidateEntry(DefaultListableBeanFactory.java:1609)
	at org.springframework.beans.factory.support.DefaultListableBeanFactory.findAutowireCandidates(DefaultListableBeanFactory.java:1573)
	at org.springframework.beans.factory.support.DefaultListableBeanFactory.resolveMultipleBeans(DefaultListableBeanFactory.java:1492)
	at org.springframework.beans.factory.support.DefaultListableBeanFactory.doResolveDependency(DefaultListableBeanFactory.java:1349)
	at org.springframework.beans.factory.support.DefaultListableBeanFactory.resolveDependency(DefaultListableBeanFactory.java:1311)
	at org.springframework.beans.factory.support.ConstructorResolver.resolveAutowiredArgument(ConstructorResolver.java:887)
	at org.springframework.beans.factory.support.ConstructorResolver.createArgumentArray(ConstructorResolver.java:791)
	... 75 common frames omitted
Caused by: org.springframework.beans.factory.NoSuchBeanDefinitionException: No qualifying bean of type 'cn.bugstack.domain.activity.service.armory.IActivityDispatch' available: expected at least 1 bean which qualifies as autowire candidate. Dependency annotations: {@javax.annotation.Resource(shareable=true, lookup="", name="", description="", authenticationType=CONTAINER, type=java.lang.Object.class, mappedName="")}
	at org.springframework.beans.factory.support.DefaultListableBeanFactory.raiseNoMatchingBeanFound(DefaultListableBeanFactory.java:1801)
	at org.springframework.beans.factory.support.DefaultListableBeanFactory.doResolveDependency(DefaultListableBeanFactory.java:1357)
	at org.springframework.beans.factory.support.DefaultListableBeanFactory.resolveDependency(DefaultListableBeanFactory.java:1311)
	at org.springframework.context.annotation.CommonAnnotationBeanPostProcessor.autowireResource(CommonAnnotationBeanPostProcessor.java:544)
	at org.springframework.context.annotation.CommonAnnotationBeanPostProcessor.getResource(CommonAnnotationBeanPostProcessor.java:520)
	at org.springframework.context.annotation.CommonAnnotationBeanPostProcessor$ResourceElement.getResourceToInject(CommonAnnotationBeanPostProcessor.java:673)
	at org.springframework.beans.factory.annotation.InjectionMetadata$InjectedElement.inject(InjectionMetadata.java:228)
	at org.springframework.beans.factory.annotation.InjectionMetadata.inject(InjectionMetadata.java:119)
	at org.springframework.context.annotation.CommonAnnotationBeanPostProcessor.postProcessProperties(CommonAnnotationBeanPostProcessor.java:329)
	... 90 common frames omitted
24-11-10.23:12:24.505 [main            ] WARN  RaffleOrderTest        - 非活动日期范围
24-11-10.23:12:24.510 [main            ] WARN  RaffleOrderTest        - 非活动日期范围
24-11-10.23:12:24.539 [main            ] WARN  RaffleOrderTest        - 非活动日期范围
24-11-10.23:12:24.544 [main            ] WARN  RaffleOrderTest        - 非活动日期范围
24-11-10.23:12:24.548 [main            ] WARN  RaffleOrderTest        - 非活动日期范围
24-11-10.23:12:24.551 [main            ] WARN  RaffleOrderTest        - 非活动日期范围
24-11-10.23:12:24.555 [main            ] WARN  RaffleOrderTest        - 非活动日期范围
24-11-10.23:12:24.560 [main            ] WARN  RaffleOrderTest        - 非活动日期范围
24-11-10.23:12:24.563 [main            ] WARN  RaffleOrderTest        - 非活动日期范围
24-11-10.23:12:24.567 [main            ] WARN  RaffleOrderTest        - 非活动日期范围
24-11-10.23:12:24.569 [main            ] WARN  RaffleOrderTest        - 非活动日期范围
24-11-10.23:12:24.573 [main            ] WARN  RaffleOrderTest        - 非活动日期范围
24-11-10.23:12:24.576 [main            ] WARN  RaffleOrderTest        - 非活动日期范围
24-11-10.23:12:24.580 [main            ] WARN  RaffleOrderTest        - 非活动日期范围
24-11-10.23:12:24.584 [main            ] WARN  RaffleOrderTest        - 非活动日期范围
24-11-10.23:12:24.588 [main            ] WARN  RaffleOrderTest        - 非活动日期范围
24-11-10.23:12:24.591 [main            ] WARN  RaffleOrderTest        - 非活动日期范围
24-11-10.23:12:24.594 [main            ] WARN  RaffleOrderTest        - 非活动日期范围
24-11-10.23:12:24.596 [main            ] WARN  RaffleOrderTest        - 非活动日期范围
24-11-10.23:12:24.600 [main            ] WARN  RaffleOrderTest        - 非活动日期范围
24-11-10.23:13:38.604 [main            ] WARN  RaffleOrderTest        - 非活动日期范围
24-11-10.23:13:38.610 [main            ] WARN  RaffleOrderTest        - 非活动日期范围
24-11-10.23:13:38.614 [main            ] WARN  RaffleOrderTest        - 非活动日期范围
24-11-10.23:13:38.618 [main            ] WARN  RaffleOrderTest        - 非活动日期范围
24-11-10.23:13:38.622 [main            ] WARN  RaffleOrderTest        - 非活动日期范围
24-11-10.23:13:38.626 [main            ] WARN  RaffleOrderTest        - 非活动日期范围
24-11-10.23:13:38.631 [main            ] WARN  RaffleOrderTest        - 非活动日期范围
24-11-10.23:13:38.634 [main            ] WARN  RaffleOrderTest        - 非活动日期范围
24-11-10.23:13:38.637 [main            ] WARN  RaffleOrderTest        - 非活动日期范围
24-11-10.23:13:38.643 [main            ] WARN  RaffleOrderTest        - 非活动日期范围
24-11-10.23:13:38.647 [main            ] WARN  RaffleOrderTest        - 非活动日期范围
24-11-10.23:13:38.652 [main            ] WARN  RaffleOrderTest        - 非活动日期范围
24-11-10.23:13:38.656 [main            ] WARN  RaffleOrderTest        - 非活动日期范围
24-11-10.23:13:38.659 [main            ] WARN  RaffleOrderTest        - 非活动日期范围
24-11-10.23:13:38.664 [main            ] WARN  RaffleOrderTest        - 非活动日期范围
24-11-10.23:13:38.667 [main            ] WARN  RaffleOrderTest        - 非活动日期范围
24-11-10.23:13:38.670 [main            ] WARN  RaffleOrderTest        - 非活动日期范围
24-11-10.23:13:38.673 [main            ] WARN  RaffleOrderTest        - 非活动日期范围
24-11-10.23:13:38.677 [main            ] WARN  RaffleOrderTest        - 非活动日期范围
24-11-10.23:13:38.679 [main            ] WARN  RaffleOrderTest        - 非活动日期范围
24-11-10.23:15:16.856 [main            ] WARN  RaffleOrderTest        - 非活动日期范围
24-11-10.23:15:16.860 [main            ] WARN  RaffleOrderTest        - 非活动日期范围
24-11-10.23:15:16.863 [main            ] WARN  RaffleOrderTest        - 非活动日期范围
24-11-10.23:15:16.867 [main            ] WARN  RaffleOrderTest        - 非活动日期范围
24-11-10.23:15:16.871 [main            ] WARN  RaffleOrderTest        - 非活动日期范围
24-11-10.23:15:16.874 [main            ] WARN  RaffleOrderTest        - 非活动日期范围
24-11-10.23:15:16.877 [main            ] WARN  RaffleOrderTest        - 非活动日期范围
24-11-10.23:15:16.881 [main            ] WARN  RaffleOrderTest        - 非活动日期范围
24-11-10.23:15:16.884 [main            ] WARN  RaffleOrderTest        - 非活动日期范围
24-11-10.23:15:16.888 [main            ] WARN  RaffleOrderTest        - 非活动日期范围
24-11-10.23:15:16.891 [main            ] WARN  RaffleOrderTest        - 非活动日期范围
24-11-10.23:15:16.894 [main            ] WARN  RaffleOrderTest        - 非活动日期范围
24-11-10.23:15:16.899 [main            ] WARN  RaffleOrderTest        - 非活动日期范围
24-11-10.23:15:16.904 [main            ] WARN  RaffleOrderTest        - 非活动日期范围
24-11-10.23:15:16.911 [main            ] WARN  RaffleOrderTest        - 非活动日期范围
24-11-10.23:15:16.915 [main            ] WARN  RaffleOrderTest        - 非活动日期范围
24-11-10.23:15:16.918 [main            ] WARN  RaffleOrderTest        - 非活动日期范围
24-11-10.23:15:16.922 [main            ] WARN  RaffleOrderTest        - 非活动日期范围
24-11-10.23:15:16.925 [main            ] WARN  RaffleOrderTest        - 非活动日期范围
24-11-10.23:15:16.928 [main            ] WARN  RaffleOrderTest        - 非活动日期范围
24-11-10.23:15:26.059 [main            ] WARN  RaffleOrderTest        - 非活动日期范围
24-11-10.23:15:26.064 [main            ] WARN  RaffleOrderTest        - 非活动日期范围
24-11-10.23:15:26.067 [main            ] WARN  RaffleOrderTest        - 非活动日期范围
24-11-10.23:15:26.072 [main            ] WARN  RaffleOrderTest        - 非活动日期范围
24-11-10.23:15:26.075 [main            ] WARN  RaffleOrderTest        - 非活动日期范围
24-11-10.23:15:26.078 [main            ] WARN  RaffleOrderTest        - 非活动日期范围
24-11-10.23:15:26.082 [main            ] WARN  RaffleOrderTest        - 非活动日期范围
24-11-10.23:15:26.086 [main            ] WARN  RaffleOrderTest        - 非活动日期范围
24-11-10.23:15:26.089 [main            ] WARN  RaffleOrderTest        - 非活动日期范围
24-11-10.23:15:26.093 [main            ] WARN  RaffleOrderTest        - 非活动日期范围
24-11-10.23:15:26.098 [main            ] WARN  RaffleOrderTest        - 非活动日期范围
24-11-10.23:15:26.102 [main            ] WARN  RaffleOrderTest        - 非活动日期范围
24-11-10.23:15:26.106 [main            ] WARN  RaffleOrderTest        - 非活动日期范围
24-11-10.23:15:26.110 [main            ] WARN  RaffleOrderTest        - 非活动日期范围
24-11-10.23:15:26.115 [main            ] WARN  RaffleOrderTest        - 非活动日期范围
24-11-10.23:15:26.118 [main            ] WARN  RaffleOrderTest        - 非活动日期范围
24-11-10.23:15:26.122 [main            ] WARN  RaffleOrderTest        - 非活动日期范围
24-11-10.23:15:26.125 [main            ] WARN  RaffleOrderTest        - 非活动日期范围
24-11-10.23:15:26.128 [main            ] WARN  RaffleOrderTest        - 非活动日期范围
24-11-10.23:15:26.132 [main            ] WARN  RaffleOrderTest        - 非活动日期范围
24-11-10.23:16:58.359 [main            ] WARN  RaffleOrderTest        - 非活动日期范围
24-11-10.23:16:58.363 [main            ] WARN  RaffleOrderTest        - 非活动日期范围
24-11-10.23:16:58.367 [main            ] WARN  RaffleOrderTest        - 非活动日期范围
24-11-10.23:16:58.371 [main            ] WARN  RaffleOrderTest        - 非活动日期范围
24-11-10.23:16:58.376 [main            ] WARN  RaffleOrderTest        - 非活动日期范围
24-11-10.23:16:58.381 [main            ] WARN  RaffleOrderTest        - 非活动日期范围
24-11-10.23:16:58.384 [main            ] WARN  RaffleOrderTest        - 非活动日期范围
24-11-10.23:16:58.389 [main            ] WARN  RaffleOrderTest        - 非活动日期范围
24-11-10.23:16:58.395 [main            ] WARN  RaffleOrderTest        - 非活动日期范围
24-11-10.23:16:58.399 [main            ] WARN  RaffleOrderTest        - 非活动日期范围
24-11-10.23:16:58.405 [main            ] WARN  RaffleOrderTest        - 非活动日期范围
24-11-10.23:16:58.408 [main            ] WARN  RaffleOrderTest        - 非活动日期范围
24-11-10.23:16:58.411 [main            ] WARN  RaffleOrderTest        - 非活动日期范围
24-11-10.23:16:58.416 [main            ] WARN  RaffleOrderTest        - 非活动日期范围
24-11-10.23:16:58.423 [main            ] WARN  RaffleOrderTest        - 非活动日期范围
24-11-10.23:16:58.427 [main            ] WARN  RaffleOrderTest        - 非活动日期范围
24-11-10.23:16:58.430 [main            ] WARN  RaffleOrderTest        - 非活动日期范围
24-11-10.23:16:58.435 [main            ] WARN  RaffleOrderTest        - 非活动日期范围
24-11-10.23:16:58.438 [main            ] WARN  RaffleOrderTest        - 非活动日期范围
24-11-10.23:16:58.441 [main            ] WARN  RaffleOrderTest        - 非活动日期范围
24-11-10.23:20:33.028 [Retail_HikariCP housekeeper] WARN  HikariPool             - Retail_HikariCP - Thread starvation or clock leap detected (housekeeper delta=1m58s99ms664µs700ns).
24-11-10.23:20:33.034 [main            ] WARN  RaffleOrderTest        - 非活动日期范围
24-11-10.23:20:33.043 [main            ] WARN  RaffleOrderTest        - 非活动日期范围
24-11-10.23:20:33.049 [main            ] WARN  RaffleOrderTest        - 非活动日期范围
24-11-10.23:20:33.055 [main            ] WARN  RaffleOrderTest        - 非活动日期范围
24-11-10.23:20:33.059 [main            ] WARN  RaffleOrderTest        - 非活动日期范围
24-11-10.23:20:33.062 [main            ] WARN  RaffleOrderTest        - 非活动日期范围
24-11-10.23:20:33.068 [main            ] WARN  RaffleOrderTest        - 非活动日期范围
24-11-10.23:20:33.072 [main            ] WARN  RaffleOrderTest        - 非活动日期范围
24-11-10.23:20:33.076 [main            ] WARN  RaffleOrderTest        - 非活动日期范围
24-11-10.23:20:33.079 [main            ] WARN  RaffleOrderTest        - 非活动日期范围
24-11-10.23:20:33.085 [main            ] WARN  RaffleOrderTest        - 非活动日期范围
24-11-10.23:20:33.089 [main            ] WARN  RaffleOrderTest        - 非活动日期范围
24-11-10.23:20:33.094 [main            ] WARN  RaffleOrderTest        - 非活动日期范围
24-11-10.23:20:33.097 [main            ] WARN  RaffleOrderTest        - 非活动日期范围
24-11-10.23:20:33.101 [main            ] WARN  RaffleOrderTest        - 非活动日期范围
24-11-10.23:20:33.109 [main            ] WARN  RaffleOrderTest        - 非活动日期范围
24-11-10.23:20:33.112 [main            ] WARN  RaffleOrderTest        - 非活动日期范围
24-11-10.23:20:33.116 [main            ] WARN  RaffleOrderTest        - 非活动日期范围
24-11-10.23:20:33.118 [main            ] WARN  RaffleOrderTest        - 非活动日期范围
24-11-10.23:20:33.121 [main            ] WARN  RaffleOrderTest        - 非活动日期范围
24-11-10.23:21:15.869 [main            ] WARN  RaffleOrderTest        - 活动库存不足
24-11-10.23:21:32.124 [main            ] WARN  RaffleOrderTest        - 活动库存不足
24-11-10.23:21:32.130 [main            ] WARN  RaffleOrderTest        - 活动库存不足
24-11-10.23:21:32.134 [main            ] WARN  RaffleOrderTest        - 活动库存不足
24-11-10.23:21:32.137 [main            ] WARN  RaffleOrderTest        - 活动库存不足
24-11-10.23:21:32.141 [main            ] WARN  RaffleOrderTest        - 活动库存不足
24-11-10.23:21:32.146 [main            ] WARN  RaffleOrderTest        - 活动库存不足
24-11-10.23:21:32.149 [main            ] WARN  RaffleOrderTest        - 活动库存不足
24-11-10.23:21:32.153 [main            ] WARN  RaffleOrderTest        - 活动库存不足
24-11-10.23:21:32.157 [main            ] WARN  RaffleOrderTest        - 活动库存不足
24-11-10.23:21:32.160 [main            ] WARN  RaffleOrderTest        - 活动库存不足
24-11-10.23:21:32.167 [main            ] WARN  RaffleOrderTest        - 活动库存不足
24-11-10.23:21:32.173 [main            ] WARN  RaffleOrderTest        - 活动库存不足
24-11-10.23:21:32.178 [main            ] WARN  RaffleOrderTest        - 活动库存不足
24-11-10.23:21:32.181 [main            ] WARN  RaffleOrderTest        - 活动库存不足
24-11-10.23:21:32.188 [main            ] WARN  RaffleOrderTest        - 活动库存不足
24-11-10.23:21:32.190 [main            ] WARN  RaffleOrderTest        - 活动库存不足
24-11-10.23:21:32.195 [main            ] WARN  RaffleOrderTest        - 活动库存不足
24-11-10.23:21:32.199 [main            ] WARN  RaffleOrderTest        - 活动库存不足
24-11-10.23:21:32.202 [main            ] WARN  RaffleOrderTest        - 活动库存不足
24-11-10.23:21:32.205 [main            ] WARN  RaffleOrderTest        - 活动库存不足
24-11-10.23:22:22.800 [main            ] WARN  RaffleOrderTest        - 活动库存不足
24-11-10.23:22:22.806 [main            ] WARN  RaffleOrderTest        - 活动库存不足
24-11-10.23:22:22.812 [main            ] WARN  RaffleOrderTest        - 活动库存不足
24-11-10.23:22:22.818 [main            ] WARN  RaffleOrderTest        - 活动库存不足
24-11-10.23:22:22.824 [main            ] WARN  RaffleOrderTest        - 活动库存不足
24-11-10.23:22:22.829 [main            ] WARN  RaffleOrderTest        - 活动库存不足
24-11-10.23:22:22.833 [main            ] WARN  RaffleOrderTest        - 活动库存不足
24-11-10.23:22:22.841 [main            ] WARN  RaffleOrderTest        - 活动库存不足
24-11-10.23:22:22.847 [main            ] WARN  RaffleOrderTest        - 活动库存不足
24-11-10.23:22:22.851 [main            ] WARN  RaffleOrderTest        - 活动库存不足
24-11-10.23:22:22.856 [main            ] WARN  RaffleOrderTest        - 活动库存不足
24-11-10.23:22:22.861 [main            ] WARN  RaffleOrderTest        - 活动库存不足
24-11-10.23:22:22.865 [main            ] WARN  RaffleOrderTest        - 活动库存不足
24-11-10.23:22:22.870 [main            ] WARN  RaffleOrderTest        - 活动库存不足
24-11-10.23:22:22.876 [main            ] WARN  RaffleOrderTest        - 活动库存不足
24-11-10.23:22:22.881 [main            ] WARN  RaffleOrderTest        - 活动库存不足
24-11-10.23:22:22.886 [main            ] WARN  RaffleOrderTest        - 活动库存不足
24-11-10.23:22:22.891 [main            ] WARN  RaffleOrderTest        - 活动库存不足
24-11-10.23:22:22.896 [main            ] WARN  RaffleOrderTest        - 活动库存不足
24-11-10.23:23:13.205 [main            ] WARN  RaffleOrderTest        - 活动库存不足
24-11-10.23:23:13.212 [main            ] WARN  RaffleOrderTest        - 活动库存不足
24-11-10.23:23:13.222 [main            ] WARN  RaffleOrderTest        - 活动库存不足
24-11-10.23:23:13.229 [main            ] WARN  RaffleOrderTest        - 活动库存不足
24-11-10.23:23:13.236 [main            ] WARN  RaffleOrderTest        - 活动库存不足
24-11-10.23:23:13.242 [main            ] WARN  RaffleOrderTest        - 活动库存不足
24-11-10.23:23:13.247 [main            ] WARN  RaffleOrderTest        - 活动库存不足
24-11-10.23:23:13.253 [main            ] WARN  RaffleOrderTest        - 活动库存不足
24-11-10.23:23:13.258 [main            ] WARN  RaffleOrderTest        - 活动库存不足
24-11-10.23:23:13.264 [main            ] WARN  RaffleOrderTest        - 活动库存不足
24-11-10.23:23:13.269 [main            ] WARN  RaffleOrderTest        - 活动库存不足
24-11-10.23:23:13.273 [main            ] WARN  RaffleOrderTest        - 活动库存不足
24-11-10.23:23:13.277 [main            ] WARN  RaffleOrderTest        - 活动库存不足
24-11-10.23:23:13.281 [main            ] WARN  RaffleOrderTest        - 活动库存不足
24-11-10.23:23:13.288 [main            ] WARN  RaffleOrderTest        - 活动库存不足
24-11-10.23:23:13.297 [main            ] WARN  RaffleOrderTest        - 活动库存不足
24-11-10.23:23:13.301 [main            ] WARN  RaffleOrderTest        - 活动库存不足
24-11-10.23:23:13.309 [main            ] WARN  RaffleOrderTest        - 活动库存不足
24-11-10.23:23:13.315 [main            ] WARN  RaffleOrderTest        - 活动库存不足
24-11-10.23:25:38.235 [Retail_HikariCP housekeeper] WARN  HikariPool             - Retail_HikariCP - Thread starvation or clock leap detected (housekeeper delta=49s132ms516µs500ns).
24-11-10.23:26:27.745 [main            ] WARN  RaffleOrderTest        - 活动库存不足
24-11-10.23:26:27.756 [main            ] WARN  RaffleOrderTest        - 活动库存不足
24-11-10.23:26:27.764 [main            ] WARN  RaffleOrderTest        - 活动库存不足
24-11-10.23:26:27.770 [main            ] WARN  RaffleOrderTest        - 活动库存不足
24-11-10.23:26:27.775 [main            ] WARN  RaffleOrderTest        - 活动库存不足
24-11-10.23:26:27.780 [main            ] WARN  RaffleOrderTest        - 活动库存不足
24-11-10.23:26:27.785 [main            ] WARN  RaffleOrderTest        - 活动库存不足
24-11-10.23:26:27.787 [main            ] WARN  RaffleOrderTest        - 活动库存不足
24-11-10.23:26:27.790 [main            ] WARN  RaffleOrderTest        - 活动库存不足
24-11-10.23:26:27.792 [main            ] WARN  RaffleOrderTest        - 活动库存不足
24-11-10.23:26:27.796 [main            ] WARN  RaffleOrderTest        - 活动库存不足
24-11-10.23:26:27.799 [main            ] WARN  RaffleOrderTest        - 活动库存不足
24-11-10.23:26:27.801 [main            ] WARN  RaffleOrderTest        - 活动库存不足
24-11-10.23:26:27.805 [main            ] WARN  RaffleOrderTest        - 活动库存不足
24-11-10.23:26:27.810 [main            ] WARN  RaffleOrderTest        - 活动库存不足
24-11-10.23:26:27.814 [main            ] WARN  RaffleOrderTest        - 活动库存不足
24-11-10.23:26:27.817 [main            ] WARN  RaffleOrderTest        - 活动库存不足
24-11-10.23:26:27.822 [main            ] WARN  RaffleOrderTest        - 活动库存不足
24-11-10.23:26:27.826 [main            ] WARN  RaffleOrderTest        - 活动库存不足
24-11-10.23:27:06.114 [main            ] WARN  RaffleOrderTest        - 活动库存不足
24-11-10.23:27:06.119 [main            ] WARN  RaffleOrderTest        - 活动库存不足
24-11-10.23:27:06.123 [main            ] WARN  RaffleOrderTest        - 活动库存不足
24-11-10.23:27:06.127 [main            ] WARN  RaffleOrderTest        - 活动库存不足
24-11-10.23:27:06.132 [main            ] WARN  RaffleOrderTest        - 活动库存不足
24-11-10.23:27:06.139 [main            ] WARN  RaffleOrderTest        - 活动库存不足
24-11-10.23:27:06.143 [main            ] WARN  RaffleOrderTest        - 活动库存不足
24-11-10.23:27:06.148 [main            ] WARN  RaffleOrderTest        - 活动库存不足
24-11-10.23:27:06.153 [main            ] WARN  RaffleOrderTest        - 活动库存不足
24-11-10.23:27:06.157 [main            ] WARN  RaffleOrderTest        - 活动库存不足
24-11-10.23:27:06.160 [main            ] WARN  RaffleOrderTest        - 活动库存不足
24-11-10.23:27:06.165 [main            ] WARN  RaffleOrderTest        - 活动库存不足
24-11-10.23:27:06.170 [main            ] WARN  RaffleOrderTest        - 活动库存不足
24-11-10.23:27:06.174 [main            ] WARN  RaffleOrderTest        - 活动库存不足
24-11-10.23:27:06.178 [main            ] WARN  RaffleOrderTest        - 活动库存不足
24-11-10.23:27:06.181 [main            ] WARN  RaffleOrderTest        - 活动库存不足
24-11-10.23:27:06.184 [main            ] WARN  RaffleOrderTest        - 活动库存不足
24-11-10.23:27:06.188 [main            ] WARN  RaffleOrderTest        - 活动库存不足
24-11-10.23:27:06.190 [main            ] WARN  RaffleOrderTest        - 活动库存不足
24-11-10.23:27:06.195 [main            ] WARN  RaffleOrderTest        - 活动库存不足
24-11-10.23:31:27.830 [Retail_HikariCP housekeeper] WARN  HikariPool             - Retail_HikariCP - Thread starvation or clock leap detected (housekeeper delta=46s150ms638µs600ns).
24-11-10.23:32:12.327 [main            ] WARN  RaffleOrderTest        - 活动库存不足
24-11-10.23:32:19.362 [Retail_HikariCP housekeeper] WARN  HikariPool             - Retail_HikariCP - Thread starvation or clock leap detected (housekeeper delta=51s532ms566µs300ns).
24-11-10.23:33:40.830 [Retail_HikariCP housekeeper] WARN  HikariPool             - Retail_HikariCP - Thread starvation or clock leap detected (housekeeper delta=1m21s467ms121µs500ns).
24-11-10.23:33:40.830 [main            ] WARN  RaffleOrderTest        - 活动库存不足
24-11-10.23:33:40.846 [main            ] WARN  RaffleOrderTest        - 活动库存不足
24-11-10.23:33:40.852 [main            ] WARN  RaffleOrderTest        - 活动库存不足
24-11-10.23:33:40.859 [main            ] WARN  RaffleOrderTest        - 活动库存不足
24-11-10.23:33:40.864 [main            ] WARN  RaffleOrderTest        - 活动库存不足
24-11-10.23:33:40.871 [main            ] WARN  RaffleOrderTest        - 活动库存不足
24-11-10.23:33:40.876 [main            ] WARN  RaffleOrderTest        - 活动库存不足
24-11-10.23:33:40.882 [main            ] WARN  RaffleOrderTest        - 活动库存不足
24-11-10.23:33:40.888 [main            ] WARN  RaffleOrderTest        - 活动库存不足
24-11-10.23:33:40.893 [main            ] WARN  RaffleOrderTest        - 活动库存不足
24-11-10.23:33:40.900 [main            ] WARN  RaffleOrderTest        - 活动库存不足
24-11-10.23:33:40.906 [main            ] WARN  RaffleOrderTest        - 活动库存不足
24-11-10.23:33:40.913 [main            ] WARN  RaffleOrderTest        - 活动库存不足
24-11-10.23:33:40.920 [main            ] WARN  RaffleOrderTest        - 活动库存不足
24-11-10.23:33:40.925 [main            ] WARN  RaffleOrderTest        - 活动库存不足
24-11-10.23:33:40.933 [main            ] WARN  RaffleOrderTest        - 活动库存不足
24-11-10.23:33:40.940 [main            ] WARN  RaffleOrderTest        - 活动库存不足
24-11-10.23:33:40.946 [main            ] WARN  RaffleOrderTest        - 活动库存不足
24-11-10.23:33:40.953 [main            ] WARN  RaffleOrderTest        - 活动库存不足
24-11-10.23:37:52.852 [Retail_HikariCP housekeeper] WARN  HikariPool             - Retail_HikariCP - Thread starvation or clock leap detected (housekeeper delta=1m3s928ms471µs).
24-11-10.23:39:11.174 [main            ] WARN  RaffleOrderTest        - 活动库存不足
24-11-10.23:39:11.179 [main            ] WARN  RaffleOrderTest        - 活动库存不足
24-11-10.23:39:11.185 [main            ] WARN  RaffleOrderTest        - 活动库存不足
24-11-10.23:39:25.828 [main            ] WARN  RaffleOrderTest        - 活动库存不足
24-11-10.23:39:25.831 [main            ] WARN  RaffleOrderTest        - 活动库存不足
24-11-10.23:39:25.835 [main            ] WARN  RaffleOrderTest        - 活动库存不足
24-11-10.23:39:25.839 [main            ] WARN  RaffleOrderTest        - 活动库存不足
24-11-10.23:39:25.842 [main            ] WARN  RaffleOrderTest        - 活动库存不足
24-11-10.23:39:25.846 [main            ] WARN  RaffleOrderTest        - 活动库存不足
24-11-10.23:39:25.850 [main            ] WARN  RaffleOrderTest        - 活动库存不足
24-11-10.23:39:25.854 [main            ] WARN  RaffleOrderTest        - 活动库存不足
24-11-10.23:39:25.856 [main            ] WARN  RaffleOrderTest        - 活动库存不足
24-11-10.23:39:25.860 [main            ] WARN  RaffleOrderTest        - 活动库存不足
24-11-10.23:39:25.864 [main            ] WARN  RaffleOrderTest        - 活动库存不足
24-11-10.23:39:25.868 [main            ] WARN  RaffleOrderTest        - 活动库存不足
24-11-10.23:39:25.871 [main            ] WARN  RaffleOrderTest        - 活动库存不足
24-11-10.23:39:25.875 [main            ] WARN  RaffleOrderTest        - 活动库存不足
24-11-10.23:39:25.880 [main            ] WARN  RaffleOrderTest        - 活动库存不足
24-11-10.23:39:25.884 [main            ] WARN  RaffleOrderTest        - 活动库存不足
24-11-10.23:39:25.886 [main            ] WARN  RaffleOrderTest        - 活动库存不足
24-11-10.23:39:25.889 [main            ] WARN  RaffleOrderTest        - 活动库存不足
24-11-10.23:39:25.892 [main            ] WARN  RaffleOrderTest        - 活动库存不足
24-11-10.23:39:25.895 [main            ] WARN  RaffleOrderTest        - 活动库存不足
24-11-10.23:39:56.347 [main            ] WARN  RaffleOrderTest        - 活动库存不足
24-11-10.23:39:56.353 [main            ] WARN  RaffleOrderTest        - 活动库存不足
24-11-10.23:39:56.360 [main            ] WARN  RaffleOrderTest        - 活动库存不足
24-11-10.23:39:56.365 [main            ] WARN  RaffleOrderTest        - 活动库存不足
24-11-10.23:39:56.370 [main            ] WARN  RaffleOrderTest        - 活动库存不足
24-11-10.23:39:56.376 [main            ] WARN  RaffleOrderTest        - 活动库存不足
24-11-10.23:39:56.384 [main            ] WARN  RaffleOrderTest        - 活动库存不足
24-11-10.23:39:56.391 [main            ] WARN  RaffleOrderTest        - 活动库存不足
24-11-10.23:39:56.396 [main            ] WARN  RaffleOrderTest        - 活动库存不足
24-11-10.23:39:56.401 [main            ] WARN  RaffleOrderTest        - 活动库存不足
24-11-10.23:39:56.406 [main            ] WARN  RaffleOrderTest        - 活动库存不足
24-11-10.23:39:56.410 [main            ] WARN  RaffleOrderTest        - 活动库存不足
24-11-10.23:39:56.416 [main            ] WARN  RaffleOrderTest        - 活动库存不足
24-11-10.23:39:56.421 [main            ] WARN  RaffleOrderTest        - 活动库存不足
24-11-10.23:39:56.426 [main            ] WARN  RaffleOrderTest        - 活动库存不足
24-11-10.23:39:56.431 [main            ] WARN  RaffleOrderTest        - 活动库存不足
24-11-10.23:39:56.435 [main            ] WARN  RaffleOrderTest        - 活动库存不足
24-11-10.23:39:56.440 [main            ] WARN  RaffleOrderTest        - 活动库存不足
24-11-10.23:39:56.444 [main            ] WARN  RaffleOrderTest        - 活动库存不足
24-11-10.23:39:56.448 [main            ] WARN  RaffleOrderTest        - 活动库存不足
24-11-10.23:40:26.501 [main            ] WARN  RaffleOrderTest        - 活动库存不足
24-11-10.23:42:26.716 [main            ] WARN  RaffleOrderTest        - 活动库存不足
24-11-10.23:42:26.723 [main            ] WARN  RaffleOrderTest        - 活动库存不足
24-11-10.23:42:26.728 [main            ] WARN  RaffleOrderTest        - 活动库存不足
24-11-10.23:42:26.735 [main            ] WARN  RaffleOrderTest        - 活动库存不足
24-11-10.23:42:26.740 [main            ] WARN  RaffleOrderTest        - 活动库存不足
24-11-10.23:42:26.746 [main            ] WARN  RaffleOrderTest        - 活动库存不足
24-11-10.23:42:26.751 [main            ] WARN  RaffleOrderTest        - 活动库存不足
24-11-10.23:42:26.757 [main            ] WARN  RaffleOrderTest        - 活动库存不足
24-11-10.23:42:26.763 [main            ] WARN  RaffleOrderTest        - 活动库存不足
24-11-10.23:42:26.768 [main            ] WARN  RaffleOrderTest        - 活动库存不足
24-11-10.23:42:26.774 [main            ] WARN  RaffleOrderTest        - 活动库存不足
24-11-10.23:42:26.779 [main            ] WARN  RaffleOrderTest        - 活动库存不足
24-11-10.23:42:26.784 [main            ] WARN  RaffleOrderTest        - 活动库存不足
24-11-10.23:42:26.788 [main            ] WARN  RaffleOrderTest        - 活动库存不足
24-11-10.23:42:26.795 [main            ] WARN  RaffleOrderTest        - 活动库存不足
24-11-10.23:42:26.799 [main            ] WARN  RaffleOrderTest        - 活动库存不足
24-11-10.23:42:26.802 [main            ] WARN  RaffleOrderTest        - 活动库存不足
24-11-10.23:42:26.808 [main            ] WARN  RaffleOrderTest        - 活动库存不足
24-11-10.23:42:26.812 [main            ] WARN  RaffleOrderTest        - 活动库存不足
24-11-10.23:42:26.817 [main            ] WARN  RaffleOrderTest        - 活动库存不足
24-11-10.23:42:47.993 [main            ] WARN  RaffleOrderTest        - 活动库存不足
24-11-10.23:47:28.540 [main            ] WARN  RaffleOrderTest        - 活动库存不足
24-11-10.23:49:23.983 [main            ] WARN  RaffleOrderTest        - 活动库存不足
24-11-10.23:50:13.292 [Retail_HikariCP housekeeper] WARN  HikariPool             - Retail_HikariCP - Thread starvation or clock leap detected (housekeeper delta=51s66ms733µs400ns).
24-11-10.23:50:27.795 [main            ] WARN  RaffleOrderTest        - 活动库存不足
24-11-10.23:50:28.671 [main            ] WARN  RaffleOrderTest        - 活动库存不足
24-11-10.23:50:29.550 [main            ] WARN  RaffleOrderTest        - 活动库存不足
24-11-10.23:50:29.670 [main            ] WARN  RaffleOrderTest        - 活动库存不足
24-11-10.23:50:29.796 [main            ] WARN  RaffleOrderTest        - 活动库存不足
24-11-10.23:50:29.930 [main            ] WARN  RaffleOrderTest        - 活动库存不足
24-11-10.23:50:30.056 [main            ] WARN  RaffleOrderTest        - 活动库存不足
24-11-10.23:50:30.263 [main            ] WARN  RaffleOrderTest        - 活动库存不足
24-11-10.23:50:30.390 [main            ] WARN  RaffleOrderTest        - 活动库存不足
24-11-10.23:50:30.518 [main            ] WARN  RaffleOrderTest        - 活动库存不足
24-11-10.23:50:30.644 [main            ] WARN  RaffleOrderTest        - 活动库存不足
24-11-10.23:50:30.763 [main            ] WARN  RaffleOrderTest        - 活动库存不足
24-11-10.23:50:31.090 [main            ] WARN  RaffleOrderTest        - 活动库存不足
24-11-10.23:50:31.208 [main            ] WARN  RaffleOrderTest        - 活动库存不足
24-11-10.23:50:31.343 [main            ] WARN  RaffleOrderTest        - 活动库存不足
24-11-10.23:50:31.470 [main            ] WARN  RaffleOrderTest        - 活动库存不足
24-11-10.23:50:31.588 [main            ] WARN  RaffleOrderTest        - 活动库存不足
24-11-10.23:50:31.715 [main            ] WARN  RaffleOrderTest        - 活动库存不足
24-11-10.23:50:32.068 [main            ] WARN  RaffleOrderTest        - 活动库存不足
24-11-10.23:50:32.191 [main            ] WARN  RaffleOrderTest        - 活动库存不足
24-11-10.23:51:05.164 [Retail_HikariCP housekeeper] WARN  HikariPool             - Retail_HikariCP - Thread starvation or clock leap detected (housekeeper delta=51s872ms432µs).
24-11-10.23:52:08.852 [main            ] WARN  RaffleOrderTest        - 活动库存不足
24-11-10.23:53:19.565 [main            ] WARN  RaffleOrderTest        - 活动库存不足
24-11-11.20:55:24.162 [main            ] WARN  GenericWebApplicationContext - Exception encountered during context initialization - cancelling refresh attempt: org.springframework.beans.factory.BeanCreationException: Error creating bean with name 'updateActivitySkuStockJob': Injection of resource dependencies failed; nested exception is org.springframework.beans.factory.UnsatisfiedDependencyException: Error creating bean with name 'raffleActivityAccountQuotaService' defined in file [E:\MyFiles\WorkAndCode\Java\big-market\big-market\big-market-domain\target\classes\cn\bugstack\domain\activity\service\quota\RaffleActivityAccountQuotaService.class]: Unsatisfied dependency expressed through constructor parameter 0; nested exception is org.springframework.beans.factory.BeanCreationException: Error creating bean with name 'activityRepository': Injection of resource dependencies failed; nested exception is org.springframework.beans.factory.NoSuchBeanDefinitionException: No qualifying bean of type 'cn.bugstack.infrastructure.persistent.dao.IRaffleActivityAccountMonthDao' available: expected at least 1 bean which qualifies as autowire candidate. Dependency annotations: {@javax.annotation.Resource(shareable=true, lookup="", name="", description="", authenticationType=CONTAINER, type=java.lang.Object.class, mappedName="")}
24-11-11.20:55:24.212 [main            ] ERROR LoggingFailureAnalysisReporter - 

***************************
APPLICATION FAILED TO START
***************************

Description:

Parameter 0 of constructor in cn.bugstack.domain.activity.service.quota.RaffleActivityAccountQuotaService required a bean of type 'cn.bugstack.infrastructure.persistent.dao.IRaffleActivityAccountMonthDao' that could not be found.


Action:

Consider defining a bean of type 'cn.bugstack.infrastructure.persistent.dao.IRaffleActivityAccountMonthDao' in your configuration.

24-11-11.20:55:24.214 [main            ] ERROR TestContextManager     - Caught exception while allowing TestExecutionListener [org.springframework.test.context.web.ServletTestExecutionListener@be68757] to prepare test instance [cn.bugstack.test.domain.activity.RaffleActivityPartakeServiceTest@7af9595d]
java.lang.IllegalStateException: Failed to load ApplicationContext
	at org.springframework.test.context.cache.DefaultCacheAwareContextLoaderDelegate.loadContext(DefaultCacheAwareContextLoaderDelegate.java:98)
	at org.springframework.test.context.support.DefaultTestContext.getApplicationContext(DefaultTestContext.java:124)
	at org.springframework.test.context.web.ServletTestExecutionListener.setUpRequestContextIfNecessary(ServletTestExecutionListener.java:190)
	at org.springframework.test.context.web.ServletTestExecutionListener.prepareTestInstance(ServletTestExecutionListener.java:132)
	at org.springframework.test.context.TestContextManager.prepareTestInstance(TestContextManager.java:248)
	at org.springframework.test.context.junit4.SpringJUnit4ClassRunner.createTest(SpringJUnit4ClassRunner.java:227)
	at org.springframework.test.context.junit4.SpringJUnit4ClassRunner$1.runReflectiveCall(SpringJUnit4ClassRunner.java:289)
	at org.junit.internal.runners.model.ReflectiveCallable.run(ReflectiveCallable.java:12)
	at org.springframework.test.context.junit4.SpringJUnit4ClassRunner.methodBlock(SpringJUnit4ClassRunner.java:291)
	at org.springframework.test.context.junit4.SpringJUnit4ClassRunner.runChild(SpringJUnit4ClassRunner.java:246)
	at org.springframework.test.context.junit4.SpringJUnit4ClassRunner.runChild(SpringJUnit4ClassRunner.java:97)
	at org.junit.runners.ParentRunner$4.run(ParentRunner.java:331)
	at org.junit.runners.ParentRunner$1.schedule(ParentRunner.java:79)
	at org.junit.runners.ParentRunner.runChildren(ParentRunner.java:329)
	at org.junit.runners.ParentRunner.access$100(ParentRunner.java:66)
	at org.junit.runners.ParentRunner$2.evaluate(ParentRunner.java:293)
	at org.springframework.test.context.junit4.statements.RunBeforeTestClassCallbacks.evaluate(RunBeforeTestClassCallbacks.java:61)
	at org.springframework.test.context.junit4.statements.RunAfterTestClassCallbacks.evaluate(RunAfterTestClassCallbacks.java:70)
	at org.junit.runners.ParentRunner$3.evaluate(ParentRunner.java:306)
	at org.junit.runners.ParentRunner.run(ParentRunner.java:413)
	at org.springframework.test.context.junit4.SpringJUnit4ClassRunner.run(SpringJUnit4ClassRunner.java:190)
	at org.junit.runner.JUnitCore.run(JUnitCore.java:137)
	at com.intellij.junit4.JUnit4IdeaTestRunner.startRunnerWithArgs(JUnit4IdeaTestRunner.java:69)
	at com.intellij.rt.junit.IdeaTestRunner$Repeater$1.execute(IdeaTestRunner.java:38)
	at com.intellij.rt.execution.junit.TestsRepeater.repeat(TestsRepeater.java:11)
	at com.intellij.rt.junit.IdeaTestRunner$Repeater.startRunnerWithArgs(IdeaTestRunner.java:35)
	at com.intellij.rt.junit.JUnitStarter.prepareStreamsAndStart(JUnitStarter.java:232)
	at com.intellij.rt.junit.JUnitStarter.main(JUnitStarter.java:55)
Caused by: org.springframework.beans.factory.BeanCreationException: Error creating bean with name 'updateActivitySkuStockJob': Injection of resource dependencies failed; nested exception is org.springframework.beans.factory.UnsatisfiedDependencyException: Error creating bean with name 'raffleActivityAccountQuotaService' defined in file [E:\MyFiles\WorkAndCode\Java\big-market\big-market\big-market-domain\target\classes\cn\bugstack\domain\activity\service\quota\RaffleActivityAccountQuotaService.class]: Unsatisfied dependency expressed through constructor parameter 0; nested exception is org.springframework.beans.factory.BeanCreationException: Error creating bean with name 'activityRepository': Injection of resource dependencies failed; nested exception is org.springframework.beans.factory.NoSuchBeanDefinitionException: No qualifying bean of type 'cn.bugstack.infrastructure.persistent.dao.IRaffleActivityAccountMonthDao' available: expected at least 1 bean which qualifies as autowire candidate. Dependency annotations: {@javax.annotation.Resource(shareable=true, lookup="", name="", description="", authenticationType=CONTAINER, type=java.lang.Object.class, mappedName="")}
	at org.springframework.context.annotation.CommonAnnotationBeanPostProcessor.postProcessProperties(CommonAnnotationBeanPostProcessor.java:332)
	at org.springframework.beans.factory.support.AbstractAutowireCapableBeanFactory.populateBean(AbstractAutowireCapableBeanFactory.java:1431)
	at org.springframework.beans.factory.support.AbstractAutowireCapableBeanFactory.doCreateBean(AbstractAutowireCapableBeanFactory.java:619)
	at org.springframework.beans.factory.support.AbstractAutowireCapableBeanFactory.createBean(AbstractAutowireCapableBeanFactory.java:542)
	at org.springframework.beans.factory.support.AbstractBeanFactory.lambda$doGetBean$0(AbstractBeanFactory.java:335)
	at org.springframework.beans.factory.support.DefaultSingletonBeanRegistry.getSingleton(DefaultSingletonBeanRegistry.java:234)
	at org.springframework.beans.factory.support.AbstractBeanFactory.doGetBean(AbstractBeanFactory.java:333)
	at org.springframework.beans.factory.support.AbstractBeanFactory.getBean(AbstractBeanFactory.java:208)
	at org.springframework.beans.factory.support.DefaultListableBeanFactory.preInstantiateSingletons(DefaultListableBeanFactory.java:955)
	at org.springframework.context.support.AbstractApplicationContext.finishBeanFactoryInitialization(AbstractApplicationContext.java:920)
	at org.springframework.context.support.AbstractApplicationContext.refresh(AbstractApplicationContext.java:583)
	at org.springframework.boot.SpringApplication.refresh(SpringApplication.java:731)
	at org.springframework.boot.SpringApplication.refreshContext(SpringApplication.java:408)
	at org.springframework.boot.SpringApplication.run(SpringApplication.java:307)
	at org.springframework.boot.test.context.SpringBootContextLoader.loadContext(SpringBootContextLoader.java:136)
	at org.springframework.test.context.cache.DefaultCacheAwareContextLoaderDelegate.loadContextInternal(DefaultCacheAwareContextLoaderDelegate.java:141)
	at org.springframework.test.context.cache.DefaultCacheAwareContextLoaderDelegate.loadContext(DefaultCacheAwareContextLoaderDelegate.java:90)
	... 27 common frames omitted
Caused by: org.springframework.beans.factory.UnsatisfiedDependencyException: Error creating bean with name 'raffleActivityAccountQuotaService' defined in file [E:\MyFiles\WorkAndCode\Java\big-market\big-market\big-market-domain\target\classes\cn\bugstack\domain\activity\service\quota\RaffleActivityAccountQuotaService.class]: Unsatisfied dependency expressed through constructor parameter 0; nested exception is org.springframework.beans.factory.BeanCreationException: Error creating bean with name 'activityRepository': Injection of resource dependencies failed; nested exception is org.springframework.beans.factory.NoSuchBeanDefinitionException: No qualifying bean of type 'cn.bugstack.infrastructure.persistent.dao.IRaffleActivityAccountMonthDao' available: expected at least 1 bean which qualifies as autowire candidate. Dependency annotations: {@javax.annotation.Resource(shareable=true, lookup="", name="", description="", authenticationType=CONTAINER, type=java.lang.Object.class, mappedName="")}
	at org.springframework.beans.factory.support.ConstructorResolver.createArgumentArray(ConstructorResolver.java:800)
	at org.springframework.beans.factory.support.ConstructorResolver.autowireConstructor(ConstructorResolver.java:229)
	at org.springframework.beans.factory.support.AbstractAutowireCapableBeanFactory.autowireConstructor(AbstractAutowireCapableBeanFactory.java:1372)
	at org.springframework.beans.factory.support.AbstractAutowireCapableBeanFactory.createBeanInstance(AbstractAutowireCapableBeanFactory.java:1222)
	at org.springframework.beans.factory.support.AbstractAutowireCapableBeanFactory.doCreateBean(AbstractAutowireCapableBeanFactory.java:582)
	at org.springframework.beans.factory.support.AbstractAutowireCapableBeanFactory.createBean(AbstractAutowireCapableBeanFactory.java:542)
	at org.springframework.beans.factory.support.AbstractBeanFactory.lambda$doGetBean$0(AbstractBeanFactory.java:335)
	at org.springframework.beans.factory.support.DefaultSingletonBeanRegistry.getSingleton(DefaultSingletonBeanRegistry.java:234)
	at org.springframework.beans.factory.support.AbstractBeanFactory.doGetBean(AbstractBeanFactory.java:333)
	at org.springframework.beans.factory.support.AbstractBeanFactory.getBean(AbstractBeanFactory.java:208)
	at org.springframework.beans.factory.config.DependencyDescriptor.resolveCandidate(DependencyDescriptor.java:276)
	at org.springframework.beans.factory.support.DefaultListableBeanFactory.doResolveDependency(DefaultListableBeanFactory.java:1391)
	at org.springframework.beans.factory.support.DefaultListableBeanFactory.resolveDependency(DefaultListableBeanFactory.java:1311)
	at org.springframework.context.annotation.CommonAnnotationBeanPostProcessor.autowireResource(CommonAnnotationBeanPostProcessor.java:544)
	at org.springframework.context.annotation.CommonAnnotationBeanPostProcessor.getResource(CommonAnnotationBeanPostProcessor.java:520)
	at org.springframework.context.annotation.CommonAnnotationBeanPostProcessor$ResourceElement.getResourceToInject(CommonAnnotationBeanPostProcessor.java:673)
	at org.springframework.beans.factory.annotation.InjectionMetadata$InjectedElement.inject(InjectionMetadata.java:228)
	at org.springframework.beans.factory.annotation.InjectionMetadata.inject(InjectionMetadata.java:119)
	at org.springframework.context.annotation.CommonAnnotationBeanPostProcessor.postProcessProperties(CommonAnnotationBeanPostProcessor.java:329)
	... 43 common frames omitted
Caused by: org.springframework.beans.factory.BeanCreationException: Error creating bean with name 'activityRepository': Injection of resource dependencies failed; nested exception is org.springframework.beans.factory.NoSuchBeanDefinitionException: No qualifying bean of type 'cn.bugstack.infrastructure.persistent.dao.IRaffleActivityAccountMonthDao' available: expected at least 1 bean which qualifies as autowire candidate. Dependency annotations: {@javax.annotation.Resource(shareable=true, lookup="", name="", description="", authenticationType=CONTAINER, type=java.lang.Object.class, mappedName="")}
	at org.springframework.context.annotation.CommonAnnotationBeanPostProcessor.postProcessProperties(CommonAnnotationBeanPostProcessor.java:332)
	at org.springframework.beans.factory.support.AbstractAutowireCapableBeanFactory.populateBean(AbstractAutowireCapableBeanFactory.java:1431)
	at org.springframework.beans.factory.support.AbstractAutowireCapableBeanFactory.doCreateBean(AbstractAutowireCapableBeanFactory.java:619)
	at org.springframework.beans.factory.support.AbstractAutowireCapableBeanFactory.createBean(AbstractAutowireCapableBeanFactory.java:542)
	at org.springframework.beans.factory.support.AbstractBeanFactory.lambda$doGetBean$0(AbstractBeanFactory.java:335)
	at org.springframework.beans.factory.support.DefaultSingletonBeanRegistry.getSingleton(DefaultSingletonBeanRegistry.java:234)
	at org.springframework.beans.factory.support.AbstractBeanFactory.doGetBean(AbstractBeanFactory.java:333)
	at org.springframework.beans.factory.support.AbstractBeanFactory.getBean(AbstractBeanFactory.java:208)
	at org.springframework.beans.factory.config.DependencyDescriptor.resolveCandidate(DependencyDescriptor.java:276)
	at org.springframework.beans.factory.support.DefaultListableBeanFactory.doResolveDependency(DefaultListableBeanFactory.java:1391)
	at org.springframework.beans.factory.support.DefaultListableBeanFactory.resolveDependency(DefaultListableBeanFactory.java:1311)
	at org.springframework.beans.factory.support.ConstructorResolver.resolveAutowiredArgument(ConstructorResolver.java:887)
	at org.springframework.beans.factory.support.ConstructorResolver.createArgumentArray(ConstructorResolver.java:791)
	... 61 common frames omitted
Caused by: org.springframework.beans.factory.NoSuchBeanDefinitionException: No qualifying bean of type 'cn.bugstack.infrastructure.persistent.dao.IRaffleActivityAccountMonthDao' available: expected at least 1 bean which qualifies as autowire candidate. Dependency annotations: {@javax.annotation.Resource(shareable=true, lookup="", name="", description="", authenticationType=CONTAINER, type=java.lang.Object.class, mappedName="")}
	at org.springframework.beans.factory.support.DefaultListableBeanFactory.raiseNoMatchingBeanFound(DefaultListableBeanFactory.java:1801)
	at org.springframework.beans.factory.support.DefaultListableBeanFactory.doResolveDependency(DefaultListableBeanFactory.java:1357)
	at org.springframework.beans.factory.support.DefaultListableBeanFactory.resolveDependency(DefaultListableBeanFactory.java:1311)
	at org.springframework.context.annotation.CommonAnnotationBeanPostProcessor.autowireResource(CommonAnnotationBeanPostProcessor.java:544)
	at org.springframework.context.annotation.CommonAnnotationBeanPostProcessor.getResource(CommonAnnotationBeanPostProcessor.java:520)
	at org.springframework.context.annotation.CommonAnnotationBeanPostProcessor$ResourceElement.getResourceToInject(CommonAnnotationBeanPostProcessor.java:673)
	at org.springframework.beans.factory.annotation.InjectionMetadata$InjectedElement.inject(InjectionMetadata.java:228)
	at org.springframework.beans.factory.annotation.InjectionMetadata.inject(InjectionMetadata.java:119)
	at org.springframework.context.annotation.CommonAnnotationBeanPostProcessor.postProcessProperties(CommonAnnotationBeanPostProcessor.java:329)
	... 73 common frames omitted
